[90m3:43PM[0m [32mINF[0m starting node with ABCI Tendermint in-process
[90m3:43PM[0m [32mINF[0m Starting multiAppConn service [36mimpl=[0mmultiAppConn [36mmodule=[0mproxy
[90m3:43PM[0m [32mINF[0m Starting localClient service [36mconnection=[0mquery [36mimpl=[0mlocalClient [36mmodule=[0mabci-client
[90m3:43PM[0m [32mINF[0m Starting localClient service [36mconnection=[0msnapshot [36mimpl=[0mlocalClient [36mmodule=[0mabci-client
[90m3:43PM[0m [32mINF[0m Starting localClient service [36mconnection=[0mmempool [36mimpl=[0mlocalClient [36mmodule=[0mabci-client
[90m3:43PM[0m [32mINF[0m Starting localClient service [36mconnection=[0mconsensus [36mimpl=[0mlocalClient [36mmodule=[0mabci-client
[90m3:43PM[0m [32mINF[0m Starting EventBus service [36mimpl=[0mEventBus [36mmodule=[0mevents
[90m3:43PM[0m [32mINF[0m Starting PubSub service [36mimpl=[0mPubSub [36mmodule=[0mpubsub
[90m3:43PM[0m [32mINF[0m Starting IndexerService service [36mimpl=[0mIndexerService [36mmodule=[0mtxindex
[90m3:43PM[0m [32mINF[0m ABCI Handshake App Info [36mhash=[0m [36mheight=[0m0 [36mmodule=[0mconsensus [36mprotocol-version=[0m0 [36msoftware-version=[0m
[90m3:43PM[0m [32mINF[0m ABCI Replay Blocks [36mappHeight=[0m0 [36mmodule=[0mconsensus [36mstateHeight=[0m0 [36mstoreHeight=[0m0
[90m3:43PM[0m [32mINF[0m asserting crisis invariants [36minv=[0m0/11 [36mmodule=[0mx/crisis [36mname=[0mgov/module-account
[90m3:43PM[0m [32mINF[0m asserting crisis invariants [36minv=[0m1/11 [36mmodule=[0mx/crisis [36mname=[0mdistribution/nonnegative-outstanding
[90m3:43PM[0m [32mINF[0m asserting crisis invariants [36minv=[0m2/11 [36mmodule=[0mx/crisis [36mname=[0mdistribution/can-withdraw
[90m3:43PM[0m [32mINF[0m asserting crisis invariants [36minv=[0m3/11 [36mmodule=[0mx/crisis [36mname=[0mdistribution/reference-count
[90m3:43PM[0m [32mINF[0m asserting crisis invariants [36minv=[0m4/11 [36mmodule=[0mx/crisis [36mname=[0mdistribution/module-account
[90m3:43PM[0m [32mINF[0m asserting crisis invariants [36minv=[0m5/11 [36mmodule=[0mx/crisis [36mname=[0mbank/nonnegative-outstanding
[90m3:43PM[0m [32mINF[0m asserting crisis invariants [36minv=[0m6/11 [36mmodule=[0mx/crisis [36mname=[0mbank/total-supply
[90m3:43PM[0m [32mINF[0m asserting crisis invariants [36minv=[0m7/11 [36mmodule=[0mx/crisis [36mname=[0mstaking/module-accounts
[90m3:43PM[0m [32mINF[0m asserting crisis invariants [36minv=[0m8/11 [36mmodule=[0mx/crisis [36mname=[0mstaking/nonnegative-power
[90m3:43PM[0m [32mINF[0m asserting crisis invariants [36minv=[0m9/11 [36mmodule=[0mx/crisis [36mname=[0mstaking/positive-delegation
[90m3:43PM[0m [32mINF[0m asserting crisis invariants [36minv=[0m10/11 [36mmodule=[0mx/crisis [36mname=[0mstaking/delegator-shares
[90m3:43PM[0m [32mINF[0m asserted all invariants [36mduration=[0m1.524715 [36mheight=[0m0 [36mmodule=[0mx/crisis
[90m3:43PM[0m [32mINF[0m created new capability [36mmodule=[0mibc [36mname=[0mports/transfer
[90m3:43PM[0m [32mINF[0m port binded [36mmodule=[0mx/ibc/port [36mport=[0mtransfer
[90m3:43PM[0m [32mINF[0m claimed capability [36mcapability=[0m1 [36mmodule=[0mtransfer [36mname=[0mports/transfer
[90m3:43PM[0m [32mINF[0m created new capability [36mmodule=[0mibc [36mname=[0mports/icahost
[90m3:43PM[0m [32mINF[0m port binded [36mmodule=[0mx/ibc/port [36mport=[0micahost
[90m3:43PM[0m [32mINF[0m claimed capability [36mcapability=[0m2 [36mmodule=[0micahost [36mname=[0mports/icahost
[90m3:43PM[0m [32mINF[0m Completed ABCI Handshake - Tendermint and App are synced [36mappHash=[0m [36mappHeight=[0m0 [36mmodule=[0mconsensus
[90m3:43PM[0m [32mINF[0m Version info [36mblock=[0m11 [36mp2p=[0m8 [36mtendermint_version=[0m0.34.19
[90m3:43PM[0m [32mINF[0m This node is a validator [36maddr=[0mDB364DA3F19040792740269C079AB040D0ACC9B2 [36mmodule=[0mconsensus [36mpubKey=[0mpbhQLheUqr0nbaNZ7z1wzAsXjLRilfq4xbcaMN2XRUY=
[90m3:43PM[0m [32mINF[0m P2P Node ID [36mID=[0me00476a52bbadced4266814cee02b61c4cbdb860 [36mfile=[0m/root/.wasmd/config/node_key.json [36mmodule=[0mp2p
[90m3:43PM[0m [32mINF[0m Adding persistent peers [36maddrs=[0m[] [36mmodule=[0mp2p
[90m3:43PM[0m [32mINF[0m Adding unconditional peer ids [36mids=[0m[] [36mmodule=[0mp2p
[90m3:43PM[0m [32mINF[0m Add our address to book [36maddr=[0m{"id":"e00476a52bbadced4266814cee02b61c4cbdb860","ip":"0.0.0.0","port":26656} [36mbook=[0m/root/.wasmd/config/addrbook.json [36mmodule=[0mp2p
[90m3:43PM[0m [32mINF[0m Starting Node service [36mimpl=[0mNode
[90m3:43PM[0m [32mINF[0m Starting pprof server [36mladdr=[0mlocalhost:6060
[90m3:43PM[0m [32mINF[0m Starting P2P Switch service [36mimpl=[0m"P2P Switch" [36mmodule=[0mp2p
[90m3:43PM[0m [32mINF[0m Starting Consensus service [36mimpl=[0mConsensusReactor [36mmodule=[0mconsensus
[90m3:43PM[0m [32mINF[0m Reactor  [36mmodule=[0mconsensus [36mwaitSync=[0mfalse
[90m3:43PM[0m [32mINF[0m Starting State service [36mimpl=[0mConsensusState [36mmodule=[0mconsensus
[90m3:43PM[0m [32mINF[0m Starting RPC HTTP server on [::]:26657 [36mmodule=[0mrpc-server
[90m3:43PM[0m [32mINF[0m Starting baseWAL service [36mimpl=[0mbaseWAL [36mmodule=[0mconsensus [36mwal=[0m/root/.wasmd/data/cs.wal/wal
[90m3:43PM[0m [32mINF[0m Starting Group service [36mimpl=[0mGroup [36mmodule=[0mconsensus [36mwal=[0m/root/.wasmd/data/cs.wal/wal
[90m3:43PM[0m [32mINF[0m Starting TimeoutTicker service [36mimpl=[0mTimeoutTicker [36mmodule=[0mconsensus
[90m3:43PM[0m [32mINF[0m Searching for height [36mheight=[0m1 [36mmax=[0m0 [36mmin=[0m0 [36mmodule=[0mconsensus [36mwal=[0m/root/.wasmd/data/cs.wal/wal
[90m3:43PM[0m [32mINF[0m Searching for height [36mheight=[0m0 [36mmax=[0m0 [36mmin=[0m0 [36mmodule=[0mconsensus [36mwal=[0m/root/.wasmd/data/cs.wal/wal
[90m3:43PM[0m [32mINF[0m Found [36mheight=[0m0 [36mindex=[0m0 [36mmodule=[0mconsensus [36mwal=[0m/root/.wasmd/data/cs.wal/wal
[90m3:43PM[0m [32mINF[0m Catchup by replaying consensus messages [36mheight=[0m1 [36mmodule=[0mconsensus
[90m3:43PM[0m [32mINF[0m Replay: Done [36mmodule=[0mconsensus
[90m3:43PM[0m [32mINF[0m Starting Evidence service [36mimpl=[0mEvidence [36mmodule=[0mevidence
[90m3:43PM[0m [32mINF[0m Starting StateSync service [36mimpl=[0mStateSync [36mmodule=[0mstatesync
[90m3:43PM[0m [32mINF[0m Starting PEX service [36mimpl=[0mPEX [36mmodule=[0mpex
[90m3:43PM[0m [32mINF[0m Starting AddrBook service [36mbook=[0m/root/.wasmd/config/addrbook.json [36mimpl=[0mAddrBook [36mmodule=[0mp2p
[90m3:43PM[0m [32mINF[0m Starting Mempool service [36mimpl=[0mMempool [36mmodule=[0mmempool
[90m3:43PM[0m [32mINF[0m Starting BlockchainReactor service [36mimpl=[0mBlockchainReactor [36mmodule=[0mblockchain
[90m3:43PM[0m [32mINF[0m Saving AddrBook to file [36mbook=[0m/root/.wasmd/config/addrbook.json [36mmodule=[0mp2p [36msize=[0m0
[90m3:43PM[0m [32mINF[0m Ensure peers [36mmodule=[0mpex [36mnumDialing=[0m0 [36mnumInPeers=[0m0 [36mnumOutPeers=[0m0 [36mnumToDial=[0m10
[90m3:43PM[0m [32mINF[0m No addresses to dial. Falling back to seeds [36mmodule=[0mpex
[90m3:43PM[0m [32mINF[0m Starting RPC HTTP server on [::]:1317 [36mmodule=[0mapi-server
[90m3:43PM[0m [32mINF[0m Timed out [36mdur=[0m193.935974 [36mheight=[0m1 [36mmodule=[0mconsensus [36mround=[0m0 [36mstep=[0m1
[90m3:43PM[0m [32mINF[0m received proposal [36mmodule=[0mconsensus [36mproposal=[0m{"Type":32,"block_id":{"hash":"59808FA6C54A9F91121E36A7F872F162B68B3E5CE4FFE5CAFFA18CD958103FC1","parts":{"hash":"D1C51E3B4FE5049FC1344D24D324AAD971F78F67F9F819C6FCAAC1DE6B513135","total":1}},"height":1,"pol_round":-1,"round":0,"signature":"Ax63peuIqP0VAegcRS5WayhsEJuEk4g9PEPNWLxt7EY9nblalyOTlsiWQmcr/uTTg8R5D70rFmpaG/OARzEDDQ==","timestamp":"2022-09-13T15:43:27.198147523Z"}
[90m3:43PM[0m [32mINF[0m received complete proposal block [36mhash=[0m59808FA6C54A9F91121E36A7F872F162B68B3E5CE4FFE5CAFFA18CD958103FC1 [36mheight=[0m1 [36mmodule=[0mconsensus
[90m3:43PM[0m [32mINF[0m finalizing commit of block [36mhash=[0m59808FA6C54A9F91121E36A7F872F162B68B3E5CE4FFE5CAFFA18CD958103FC1 [36mheight=[0m1 [36mmodule=[0mconsensus [36mnum_txs=[0m0 [36mroot=[0mE3B0C44298FC1C149AFBF4C8996FB92427AE41E4649B934CA495991B7852B855
[90m3:43PM[0m [32mINF[0m minted coins from module account [36mamount=[0m41ustake [36mfrom=[0mmint [36mmodule=[0mx/bank
[90m3:43PM[0m [32mINF[0m executed block [36mheight=[0m1 [36mmodule=[0mstate [36mnum_invalid_txs=[0m0 [36mnum_valid_txs=[0m0
[90m3:43PM[0m [32mINF[0m commit synced [36mcommit=[0m436F6D6D697449447B5B313631203836203235302032353320353320393420313932203131382031373420323436203433203231352032343920313720323335203130203735203633203920313431203633203237203230362032343920362031323520313437203931203233322031303620323437203136385D3A317D
[90m3:43PM[0m [32mINF[0m committed state [36mapp_hash=[0mA156FAFD355EC076AEF62BD7F911EB0A4B3F098D3F1BCEF9067D935BE86AF7A8 [36mheight=[0m1 [36mmodule=[0mstate [36mnum_txs=[0m0
[90m3:43PM[0m [32mINF[0m indexed block [36mheight=[0m1 [36mmodule=[0mtxindex
[90m3:43PM[0m [32mINF[0m Timed out [36mdur=[0m190.18863 [36mheight=[0m2 [36mmodule=[0mconsensus [36mround=[0m0 [36mstep=[0m1
[90m3:43PM[0m [32mINF[0m received proposal [36mmodule=[0mconsensus [36mproposal=[0m{"Type":32,"block_id":{"hash":"8D0131D7A17FA2E87663AD563B71E3AA721772D4C355AF84244B4F7A7E29101E","parts":{"hash":"43A96D241904E218E07782C224B2299CC7014876CAA8605091D4D07E2C763C66","total":1}},"height":2,"pol_round":-1,"round":0,"signature":"seK+bVXahNtp7SveVSVfDfUP1ZpXp4PreBtXkzJdlcHQAGEZtwybltJWnb+URp4KhRRSm8C2rQ158lLdYqlsCg==","timestamp":"2022-09-13T15:43:27.436999062Z"}
[90m3:43PM[0m [32mINF[0m received complete proposal block [36mhash=[0m8D0131D7A17FA2E87663AD563B71E3AA721772D4C355AF84244B4F7A7E29101E [36mheight=[0m2 [36mmodule=[0mconsensus
[90m3:43PM[0m [32mINF[0m finalizing commit of block [36mhash=[0m8D0131D7A17FA2E87663AD563B71E3AA721772D4C355AF84244B4F7A7E29101E [36mheight=[0m2 [36mmodule=[0mconsensus [36mnum_txs=[0m0 [36mroot=[0mA156FAFD355EC076AEF62BD7F911EB0A4B3F098D3F1BCEF9067D935BE86AF7A8
[90m3:43PM[0m [32mINF[0m minted coins from module account [36mamount=[0m41ustake [36mfrom=[0mmint [36mmodule=[0mx/bank
[90m3:43PM[0m [32mINF[0m executed block [36mheight=[0m2 [36mmodule=[0mstate [36mnum_invalid_txs=[0m0 [36mnum_valid_txs=[0m0
[90m3:43PM[0m [32mINF[0m commit synced [36mcommit=[0m436F6D6D697449447B5B373720313934203935203630203134342032362037302036342037382033312032343720323038203530203339203639203431203131322031353420313433203920313439203232382031363820393720323336203130382033203133362032313520393720313036203136365D3A327D
[90m3:43PM[0m [32mINF[0m committed state [36mapp_hash=[0m4DC25F3C901A46404E1FF7D032274529709A8F0995E4A861EC6C0388D7616AA6 [36mheight=[0m2 [36mmodule=[0mstate [36mnum_txs=[0m0
[90m3:43PM[0m [32mINF[0m indexed block [36mheight=[0m2 [36mmodule=[0mtxindex
[90m3:43PM[0m [32mINF[0m Timed out [36mdur=[0m189.273025 [36mheight=[0m3 [36mmodule=[0mconsensus [36mround=[0m0 [36mstep=[0m1
[90m3:43PM[0m [32mINF[0m received proposal [36mmodule=[0mconsensus [36mproposal=[0m{"Type":32,"block_id":{"hash":"0281A25E7B0B4E84665032CCE68F9EE450AE61A7129970293C0F7532171D2F97","parts":{"hash":"CB736A55FE4184B13A8F1E02743046B516EA623222FBB252E7562AFC1A58ABF2","total":1}},"height":3,"pol_round":-1,"round":0,"signature":"eM/CZpjWEW2Z2Ew+p893lRTD7FDrV24iLfJ649HvnwGhtsdjJGVkoBZT85NNJ1Rtge9vaO+2QN108FHOpsZuCw==","timestamp":"2022-09-13T15:43:27.677708071Z"}
[90m3:43PM[0m [32mINF[0m received complete proposal block [36mhash=[0m0281A25E7B0B4E84665032CCE68F9EE450AE61A7129970293C0F7532171D2F97 [36mheight=[0m3 [36mmodule=[0mconsensus
[90m3:43PM[0m [32mINF[0m finalizing commit of block [36mhash=[0m0281A25E7B0B4E84665032CCE68F9EE450AE61A7129970293C0F7532171D2F97 [36mheight=[0m3 [36mmodule=[0mconsensus [36mnum_txs=[0m0 [36mroot=[0m4DC25F3C901A46404E1FF7D032274529709A8F0995E4A861EC6C0388D7616AA6
[90m3:43PM[0m [32mINF[0m minted coins from module account [36mamount=[0m41ustake [36mfrom=[0mmint [36mmodule=[0mx/bank
[90m3:43PM[0m [32mINF[0m executed block [36mheight=[0m3 [36mmodule=[0mstate [36mnum_invalid_txs=[0m0 [36mnum_valid_txs=[0m0
[90m3:43PM[0m [32mINF[0m commit synced [36mcommit=[0m436F6D6D697449447B5B3733203937203133372031343220313034203730203133362031353220323235203135352031313520313132203234342039352032322037372039392031353020323235203130322031313320323430203631203137342036392032343820393520313130203138312031363820313734203230325D3A337D
[90m3:43PM[0m [32mINF[0m committed state [36mapp_hash=[0m4961898E68468898E19B7370F45F164D6396E16671F03DAE45F85F6EB5A8AECA [36mheight=[0m3 [36mmodule=[0mstate [36mnum_txs=[0m0
[90m3:43PM[0m [32mINF[0m indexed block [36mheight=[0m3 [36mmodule=[0mtxindex
[90m3:43PM[0m [32mINF[0m Timed out [36mdur=[0m190.885276 [36mheight=[0m4 [36mmodule=[0mconsensus [36mround=[0m0 [36mstep=[0m1
[90m3:43PM[0m [32mINF[0m received proposal [36mmodule=[0mconsensus [36mproposal=[0m{"Type":32,"block_id":{"hash":"6146246314633EE6AB5A1E84F40E4265CBFEFD89E1BDAD182FDC73D94AE387EE","parts":{"hash":"CCFC07C5E5154E8FCD9C04A5AF8F2B30DD147A69E3017DD2501ED1847AF20D7F","total":1}},"height":4,"pol_round":-1,"round":0,"signature":"cktOPQFJaKAisjmAizfxxlov7ppoHbGovI9kovFB3BedoZFF4xHVFuonwd/bDyDG3kqDMQ1RZr9274eBMu0EBA==","timestamp":"2022-09-13T15:43:27.891836722Z"}
[90m3:43PM[0m [32mINF[0m received complete proposal block [36mhash=[0m6146246314633EE6AB5A1E84F40E4265CBFEFD89E1BDAD182FDC73D94AE387EE [36mheight=[0m4 [36mmodule=[0mconsensus
[90m3:43PM[0m [32mINF[0m finalizing commit of block [36mhash=[0m6146246314633EE6AB5A1E84F40E4265CBFEFD89E1BDAD182FDC73D94AE387EE [36mheight=[0m4 [36mmodule=[0mconsensus [36mnum_txs=[0m0 [36mroot=[0m4961898E68468898E19B7370F45F164D6396E16671F03DAE45F85F6EB5A8AECA
[90m3:43PM[0m [32mINF[0m minted coins from module account [36mamount=[0m41ustake [36mfrom=[0mmint [36mmodule=[0mx/bank
[90m3:43PM[0m [32mINF[0m executed block [36mheight=[0m4 [36mmodule=[0mstate [36mnum_invalid_txs=[0m0 [36mnum_valid_txs=[0m0
[90m3:43PM[0m [32mINF[0m commit synced [36mcommit=[0m436F6D6D697449447B5B31333720313231203135312031383720313230203135203132382039382033302032343220363120333420343320322031373920342031333320323339203134382031363320313631203136382039392038362037392039372033203138392031373320313032203130203232385D3A347D
[90m3:43PM[0m [32mINF[0m committed state [36mapp_hash=[0m897997BB780F80621EF23D222B02B30485EF94A3A1A863564F6103BDAD660AE4 [36mheight=[0m4 [36mmodule=[0mstate [36mnum_txs=[0m0
[90m3:43PM[0m [32mINF[0m indexed block [36mheight=[0m4 [36mmodule=[0mtxindex
[90m3:43PM[0m [32mINF[0m Timed out [36mdur=[0m192.889569 [36mheight=[0m5 [36mmodule=[0mconsensus [36mround=[0m0 [36mstep=[0m1
[90m3:43PM[0m [32mINF[0m received proposal [36mmodule=[0mconsensus [36mproposal=[0m{"Type":32,"block_id":{"hash":"14654FA814CD24158848E2B703CC19FFBC2CBB5D1583E9BA823ABDE1B4279AC9","parts":{"hash":"0CC38E55AD1EB8598F5845378ABC3E967E8B7E28B8D423B1D84A1BF7A1BE13FE","total":1}},"height":5,"pol_round":-1,"round":0,"signature":"vemNmy61YXB30O1pcPWmOOCROBOL1X79HC/3XmIJFBxFj9BkjShTZIZFucnuYtFyLleFfkYPNH3wlX+cSCqoAg==","timestamp":"2022-09-13T15:43:28.104698855Z"}
[90m3:43PM[0m [32mINF[0m received complete proposal block [36mhash=[0m14654FA814CD24158848E2B703CC19FFBC2CBB5D1583E9BA823ABDE1B4279AC9 [36mheight=[0m5 [36mmodule=[0mconsensus
[90m3:43PM[0m [32mINF[0m finalizing commit of block [36mhash=[0m14654FA814CD24158848E2B703CC19FFBC2CBB5D1583E9BA823ABDE1B4279AC9 [36mheight=[0m5 [36mmodule=[0mconsensus [36mnum_txs=[0m0 [36mroot=[0m897997BB780F80621EF23D222B02B30485EF94A3A1A863564F6103BDAD660AE4
[90m3:43PM[0m [32mINF[0m minted coins from module account [36mamount=[0m41ustake [36mfrom=[0mmint [36mmodule=[0mx/bank
[90m3:43PM[0m [32mINF[0m executed block [36mheight=[0m5 [36mmodule=[0mstate [36mnum_invalid_txs=[0m0 [36mnum_valid_txs=[0m0
[90m3:43PM[0m [32mINF[0m commit synced [36mcommit=[0m436F6D6D697449447B5B313639203232342032313120313435203231342031383820323434203934203135352031393220313439203235302031343720323131203330203136362031313920323420393520313930203231342031343220333620323020323430203131322039312035203139322031343320323031203134345D3A357D
[90m3:43PM[0m [32mINF[0m committed state [36mapp_hash=[0mA9E0D391D6BCF45E9BC095FA93D31EA677185FBED68E2414F0705B05C08FC990 [36mheight=[0m5 [36mmodule=[0mstate [36mnum_txs=[0m0
[90m3:43PM[0m [32mINF[0m indexed block [36mheight=[0m5 [36mmodule=[0mtxindex
[90m3:43PM[0m [32mINF[0m Timed out [36mdur=[0m191.359737 [36mheight=[0m6 [36mmodule=[0mconsensus [36mround=[0m0 [36mstep=[0m1
[90m3:43PM[0m [32mINF[0m received proposal [36mmodule=[0mconsensus [36mproposal=[0m{"Type":32,"block_id":{"hash":"7667C806B10383D3795973D741BA94150106AA91ED6D943932AD20CB8093AE35","parts":{"hash":"A12E498B93D81B3D8D2DD5CCD1C2320A232722456982B8D45C69E42EED906343","total":1}},"height":6,"pol_round":-1,"round":0,"signature":"Dn6cOtZnE9WR2N4tLNAdot3v67b5ah3BJZQDMjAMa2eBlsGQONvw2GnBY8ftVQ/zFNWw1iL+ncTMReHHhpX5BA==","timestamp":"2022-09-13T15:43:28.319061913Z"}
[90m3:43PM[0m [32mINF[0m received complete proposal block [36mhash=[0m7667C806B10383D3795973D741BA94150106AA91ED6D943932AD20CB8093AE35 [36mheight=[0m6 [36mmodule=[0mconsensus
[90m3:43PM[0m [32mINF[0m finalizing commit of block [36mhash=[0m7667C806B10383D3795973D741BA94150106AA91ED6D943932AD20CB8093AE35 [36mheight=[0m6 [36mmodule=[0mconsensus [36mnum_txs=[0m0 [36mroot=[0mA9E0D391D6BCF45E9BC095FA93D31EA677185FBED68E2414F0705B05C08FC990
[90m3:43PM[0m [32mINF[0m minted coins from module account [36mamount=[0m41ustake [36mfrom=[0mmint [36mmodule=[0mx/bank
[90m3:43PM[0m [32mINF[0m executed block [36mheight=[0m6 [36mmodule=[0mstate [36mnum_invalid_txs=[0m0 [36mnum_valid_txs=[0m0
[90m3:43PM[0m [32mINF[0m commit synced [36mcommit=[0m436F6D6D697449447B5B313020323138203136302032343920353120323236203231332030203433203230352031313520313933203233302031343320313732203234342032353420383220323020383720393620313238203134342031353420393820323037203234352031342036362031303620323134203133375D3A367D
[90m3:43PM[0m [32mINF[0m committed state [36mapp_hash=[0m0ADAA0F933E2D5002BCD73C1E68FACF4FE5214576080909A62CFF50E426AD689 [36mheight=[0m6 [36mmodule=[0mstate [36mnum_txs=[0m0
[90m3:43PM[0m [32mINF[0m indexed block [36mheight=[0m6 [36mmodule=[0mtxindex
[90m3:43PM[0m [32mINF[0m Timed out [36mdur=[0m191.35396 [36mheight=[0m7 [36mmodule=[0mconsensus [36mround=[0m0 [36mstep=[0m1
[90m3:43PM[0m [32mINF[0m received proposal [36mmodule=[0mconsensus [36mproposal=[0m{"Type":32,"block_id":{"hash":"C514245C4D8F39B96FB5D1508B31D1C6F29574AECE8DB00BADBC82B28315A667","parts":{"hash":"05E6151E3E0017138001F8DFDC3616A6219A773360E58FE1032AD06D1A0BCABA","total":1}},"height":7,"pol_round":-1,"round":0,"signature":"Dyft8h34nmJcExaGFovvsPOwwcxrI2PdppLiF/cBuojI/M7ic6n36HismigATDLJg0v5gko7cTPSc6D2ANypCA==","timestamp":"2022-09-13T15:43:28.532104071Z"}
[90m3:43PM[0m [32mINF[0m received complete proposal block [36mhash=[0mC514245C4D8F39B96FB5D1508B31D1C6F29574AECE8DB00BADBC82B28315A667 [36mheight=[0m7 [36mmodule=[0mconsensus
[90m3:43PM[0m [32mINF[0m finalizing commit of block [36mhash=[0mC514245C4D8F39B96FB5D1508B31D1C6F29574AECE8DB00BADBC82B28315A667 [36mheight=[0m7 [36mmodule=[0mconsensus [36mnum_txs=[0m0 [36mroot=[0m0ADAA0F933E2D5002BCD73C1E68FACF4FE5214576080909A62CFF50E426AD689
[90m3:43PM[0m [32mINF[0m minted coins from module account [36mamount=[0m41ustake [36mfrom=[0mmint [36mmodule=[0mx/bank
[90m3:43PM[0m [32mINF[0m executed block [36mheight=[0m7 [36mmodule=[0mstate [36mnum_invalid_txs=[0m0 [36mnum_valid_txs=[0m0
[90m3:43PM[0m [32mINF[0m commit synced [36mcommit=[0m436F6D6D697449447B5B353820313935203133203339203234362034332031383420313034203138203232392031323920313831203138322032343520363120313538203020373220332032313920313333203135392035352031383320313333203234332037382031373120323236203230203137203132325D3A377D
[90m3:43PM[0m [32mINF[0m committed state [36mapp_hash=[0m3AC30D27F62BB86812E581B5B6F53D9E004803DB859F37B785F34EABE214117A [36mheight=[0m7 [36mmodule=[0mstate [36mnum_txs=[0m0
[90m3:43PM[0m [32mINF[0m indexed block [36mheight=[0m7 [36mmodule=[0mtxindex
[90m3:43PM[0m [32mINF[0m Timed out [36mdur=[0m191.338425 [36mheight=[0m8 [36mmodule=[0mconsensus [36mround=[0m0 [36mstep=[0m1
[90m3:43PM[0m [32mINF[0m received proposal [36mmodule=[0mconsensus [36mproposal=[0m{"Type":32,"block_id":{"hash":"42DE1B4FDD3F407443896BDAE8F74C082AD8B2014335479F843A855A72B644ED","parts":{"hash":"5C301F86348B5041596299A2840BC9F909A2DBFAB506944F05C45CA13B61567B","total":1}},"height":8,"pol_round":-1,"round":0,"signature":"swa2GykpuvURbcdx45JogLPyp6YqeVcfWtD9K2lJd011IjkfJx5+BIye/bA3z4JaM1r2AHxegCuz8qAdI870AA==","timestamp":"2022-09-13T15:43:28.74300234Z"}
[90m3:43PM[0m [32mINF[0m received complete proposal block [36mhash=[0m42DE1B4FDD3F407443896BDAE8F74C082AD8B2014335479F843A855A72B644ED [36mheight=[0m8 [36mmodule=[0mconsensus
[90m3:43PM[0m [32mINF[0m finalizing commit of block [36mhash=[0m42DE1B4FDD3F407443896BDAE8F74C082AD8B2014335479F843A855A72B644ED [36mheight=[0m8 [36mmodule=[0mconsensus [36mnum_txs=[0m0 [36mroot=[0m3AC30D27F62BB86812E581B5B6F53D9E004803DB859F37B785F34EABE214117A
[90m3:43PM[0m [32mINF[0m minted coins from module account [36mamount=[0m41ustake [36mfrom=[0mmint [36mmodule=[0mx/bank
[90m3:43PM[0m [32mINF[0m executed block [36mheight=[0m8 [36mmodule=[0mstate [36mnum_invalid_txs=[0m0 [36mnum_valid_txs=[0m0
[90m3:43PM[0m [32mINF[0m commit synced [36mcommit=[0m436F6D6D697449447B5B31393020323920353320313339203132322032343020323430203132352030203138392032343320322032392031313520313320313839203633203335203138203538203130372031342033302031363620313430203138342031383820383620333820313037203931203234305D3A387D
[90m3:43PM[0m [32mINF[0m committed state [36mapp_hash=[0mBE1D358B7AF0F07D00BDF3021D730DBD3F23123A6B0E1EA68CB8BC56266B5BF0 [36mheight=[0m8 [36mmodule=[0mstate [36mnum_txs=[0m0
[90m3:43PM[0m [32mINF[0m indexed block [36mheight=[0m8 [36mmodule=[0mtxindex
[90m3:43PM[0m [32mINF[0m Timed out [36mdur=[0m188.690878 [36mheight=[0m9 [36mmodule=[0mconsensus [36mround=[0m0 [36mstep=[0m1
[90m3:43PM[0m [32mINF[0m received proposal [36mmodule=[0mconsensus [36mproposal=[0m{"Type":32,"block_id":{"hash":"7D956D69EFF2F5E8A1433DCC04C5C97E31BB6ECA97D56AE0AB8D01EC7B3A1636","parts":{"hash":"C306F433F363528B9D3639415BBF3EE7D964A518E1B835C4879AF4DEA48A8CDE","total":1}},"height":9,"pol_round":-1,"round":0,"signature":"FL/9ekewFACLEiZg1+lecLO/XG7ZqAMZ9Xz7JGYFeEhrAiebs5YTPHWO3FAUDGAq7V1j3csOCM9qJMXY9lqeAw==","timestamp":"2022-09-13T15:43:28.954827583Z"}
[90m3:43PM[0m [32mINF[0m received complete proposal block [36mhash=[0m7D956D69EFF2F5E8A1433DCC04C5C97E31BB6ECA97D56AE0AB8D01EC7B3A1636 [36mheight=[0m9 [36mmodule=[0mconsensus
[90m3:43PM[0m [32mINF[0m finalizing commit of block [36mhash=[0m7D956D69EFF2F5E8A1433DCC04C5C97E31BB6ECA97D56AE0AB8D01EC7B3A1636 [36mheight=[0m9 [36mmodule=[0mconsensus [36mnum_txs=[0m0 [36mroot=[0mBE1D358B7AF0F07D00BDF3021D730DBD3F23123A6B0E1EA68CB8BC56266B5BF0
[90m3:43PM[0m [32mINF[0m minted coins from module account [36mamount=[0m41ustake [36mfrom=[0mmint [36mmodule=[0mx/bank
[90m3:43PM[0m [32mINF[0m executed block [36mheight=[0m9 [36mmodule=[0mstate [36mnum_invalid_txs=[0m0 [36mnum_valid_txs=[0m0
[90m3:43PM[0m [32mINF[0m commit synced [36mcommit=[0m436F6D6D697449447B5B31303520313138203231332031333320323031203232203920383320323433203838203135392031353520323920323532203232312032313220373720333720313634203232382036382032303420383120353720353120323131203131342032343420393120373820392034365D3A397D
[90m3:43PM[0m [32mINF[0m committed state [36mapp_hash=[0m6976D585C9160953F3589F9B1DFCDDD44D25A4E444CC513933D372F45B4E092E [36mheight=[0m9 [36mmodule=[0mstate [36mnum_txs=[0m0
[90m3:43PM[0m [32mINF[0m indexed block [36mheight=[0m9 [36mmodule=[0mtxindex
[90m3:43PM[0m [32mINF[0m Timed out [36mdur=[0m189.556026 [36mheight=[0m10 [36mmodule=[0mconsensus [36mround=[0m0 [36mstep=[0m1
[90m3:43PM[0m [32mINF[0m received proposal [36mmodule=[0mconsensus [36mproposal=[0m{"Type":32,"block_id":{"hash":"E2C19016F0437C6C796B6A7696006A26F170241189E27994B5B7DD097D702B11","parts":{"hash":"8F5E72A7E80D2B005890045FD37D032EA74C4ED4FCFAB1AFDCD082A7F3FCB357","total":1}},"height":10,"pol_round":-1,"round":0,"signature":"LTlJDOJwYl8C6MNM03Y3m3ya9uUGLjVPBWYCHsuVlYr0thMxVCecvgCBCdxesjaruvVGRyYc/doGkvqVSKsgAg==","timestamp":"2022-09-13T15:43:29.168806987Z"}
[90m3:43PM[0m [32mINF[0m received complete proposal block [36mhash=[0mE2C19016F0437C6C796B6A7696006A26F170241189E27994B5B7DD097D702B11 [36mheight=[0m10 [36mmodule=[0mconsensus
[90m3:43PM[0m [32mINF[0m finalizing commit of block [36mhash=[0mE2C19016F0437C6C796B6A7696006A26F170241189E27994B5B7DD097D702B11 [36mheight=[0m10 [36mmodule=[0mconsensus [36mnum_txs=[0m0 [36mroot=[0m6976D585C9160953F3589F9B1DFCDDD44D25A4E444CC513933D372F45B4E092E
[90m3:43PM[0m [32mINF[0m minted coins from module account [36mamount=[0m41ustake [36mfrom=[0mmint [36mmodule=[0mx/bank
[90m3:43PM[0m [32mINF[0m executed block [36mheight=[0m10 [36mmodule=[0mstate [36mnum_invalid_txs=[0m0 [36mnum_valid_txs=[0m0
[90m3:43PM[0m [32mINF[0m commit synced [36mcommit=[0m436F6D6D697449447B5B3231302031383620323235203920333920313338203433203835203334203232372032333220313839203133362037312037352031373120343420313236203234203633203230203233203134382032343320323234203134342035362035392031383320393220323234203130375D3A417D
[90m3:43PM[0m [32mINF[0m committed state [36mapp_hash=[0mD2BAE109278A2B5522E3E8BD88474BAB2C7E183F141794F3E090383BB75CE06B [36mheight=[0m10 [36mmodule=[0mstate [36mnum_txs=[0m0
[90m3:43PM[0m [32mINF[0m indexed block [36mheight=[0m10 [36mmodule=[0mtxindex
[90m3:43PM[0m [32mINF[0m Timed out [36mdur=[0m187.343659 [36mheight=[0m11 [36mmodule=[0mconsensus [36mround=[0m0 [36mstep=[0m1
[90m3:43PM[0m [32mINF[0m received proposal [36mmodule=[0mconsensus [36mproposal=[0m{"Type":32,"block_id":{"hash":"68CCE77A1851B08005E55EA21159456C448C11E26DEB1E5248AD6C63629FA40F","parts":{"hash":"D1B60E70CAEB3F87BBC2A7DBBA6DB083AA97CFD1A6BDE0DFC6E424FD04D0BAE5","total":1}},"height":11,"pol_round":-1,"round":0,"signature":"0vEGmYNx34pMikpS/gJQc8Q4WKN+akwj3kQq7+euMD3iS36sXJGPgFlW6mrPeJnpoOxoRRZ6PjnaW5U4y1c9Dg==","timestamp":"2022-09-13T15:43:29.382296307Z"}
[90m3:43PM[0m [32mINF[0m received complete proposal block [36mhash=[0m68CCE77A1851B08005E55EA21159456C448C11E26DEB1E5248AD6C63629FA40F [36mheight=[0m11 [36mmodule=[0mconsensus
[90m3:43PM[0m [32mINF[0m finalizing commit of block [36mhash=[0m68CCE77A1851B08005E55EA21159456C448C11E26DEB1E5248AD6C63629FA40F [36mheight=[0m11 [36mmodule=[0mconsensus [36mnum_txs=[0m0 [36mroot=[0mD2BAE109278A2B5522E3E8BD88474BAB2C7E183F141794F3E090383BB75CE06B
[90m3:43PM[0m [32mINF[0m minted coins from module account [36mamount=[0m41ustake [36mfrom=[0mmint [36mmodule=[0mx/bank
[90m3:43PM[0m [32mINF[0m executed block [36mheight=[0m11 [36mmodule=[0mstate [36mnum_invalid_txs=[0m0 [36mnum_valid_txs=[0m0
[90m3:43PM[0m [32mINF[0m commit synced [36mcommit=[0m436F6D6D697449447B5B363320313434203135332034203130362032323720313333203131302032343220313039203136302031332035342032353020353420362035362032343320333620313333203135382035302036203139362031363520323436203230392032343520323236203138372039322037365D3A427D
[90m3:43PM[0m [32mINF[0m committed state [36mapp_hash=[0m3F9099046AE3856EF26DA00D36FA360638F324859E3206C4A5F6D1F5E2BB5C4C [36mheight=[0m11 [36mmodule=[0mstate [36mnum_txs=[0m0
[90m3:43PM[0m [32mINF[0m indexed block [36mheight=[0m11 [36mmodule=[0mtxindex
[90m3:43PM[0m [32mINF[0m Timed out [36mdur=[0m187.229948 [36mheight=[0m12 [36mmodule=[0mconsensus [36mround=[0m0 [36mstep=[0m1
[90m3:43PM[0m [32mINF[0m received proposal [36mmodule=[0mconsensus [36mproposal=[0m{"Type":32,"block_id":{"hash":"027135E358A64EB3452E543894B3F8E538091E9310CB8EF89E91940CFC9F1C1B","parts":{"hash":"28053D8C064388D8F3C15001E4C4D8C32483214D2F57BC403A415BF206A131CB","total":1}},"height":12,"pol_round":-1,"round":0,"signature":"iRK1IQ5eILbMScLZ9a0D0AvED9c449frMia8gAgElEhP+NhDSeXBAh1kPHSlQ6Td7M70UjTC2V13QWT37EkqAA==","timestamp":"2022-09-13T15:43:29.62052772Z"}
[90m3:43PM[0m [32mINF[0m received complete proposal block [36mhash=[0m027135E358A64EB3452E543894B3F8E538091E9310CB8EF89E91940CFC9F1C1B [36mheight=[0m12 [36mmodule=[0mconsensus
[90m3:43PM[0m [32mINF[0m finalizing commit of block [36mhash=[0m027135E358A64EB3452E543894B3F8E538091E9310CB8EF89E91940CFC9F1C1B [36mheight=[0m12 [36mmodule=[0mconsensus [36mnum_txs=[0m0 [36mroot=[0m3F9099046AE3856EF26DA00D36FA360638F324859E3206C4A5F6D1F5E2BB5C4C
[90m3:43PM[0m [32mINF[0m Timed out [36mdur=[0m100 [36mheight=[0m12 [36mmodule=[0mconsensus [36mround=[0m0 [36mstep=[0m3
[90m3:43PM[0m [32mINF[0m minted coins from module account [36mamount=[0m41ustake [36mfrom=[0mmint [36mmodule=[0mx/bank
[90m3:43PM[0m [32mINF[0m executed block [36mheight=[0m12 [36mmodule=[0mstate [36mnum_invalid_txs=[0m0 [36mnum_valid_txs=[0m0
[90m3:43PM[0m [32mINF[0m commit synced [36mcommit=[0m436F6D6D697449447B5B3237203133332033203232392031373520363220353920323035203535203431203233352031383420313130203234302032323620313535203135342038392031383020323520313036203230362039342031322032343120363320313133203139342032313420353720313630203136315D3A437D
[90m3:43PM[0m [32mINF[0m committed state [36mapp_hash=[0m1B8503E5AF3E3BCD3729EBB86EF0E29B9A59B4196ACE5E0CF13F71C2D639A0A1 [36mheight=[0m12 [36mmodule=[0mstate [36mnum_txs=[0m0
[90m3:43PM[0m [32mINF[0m Timed out [36mdur=[0m-7.454637 [36mheight=[0m13 [36mmodule=[0mconsensus [36mround=[0m0 [36mstep=[0m1
[90m3:43PM[0m [32mINF[0m indexed block [36mheight=[0m12 [36mmodule=[0mtxindex
[90m3:43PM[0m [32mINF[0m received proposal [36mmodule=[0mconsensus [36mproposal=[0m{"Type":32,"block_id":{"hash":"2E4EA043EA482AEC6A0DC1C522D03BCF49F80B6CEF604634AD3BF2A1072FCC0A","parts":{"hash":"20B68E469238D2624EA3507E843654D3F4D421F02CAB618ED56807476D8859FE","total":1}},"height":13,"pol_round":-1,"round":0,"signature":"WHeeKeSfu/8og+EvL29q+ORlEG78tmjoFgcVlil5dGdKvg+6c1o4dbg+h8ea3OItfutxoi+oAOwZQneui3rVAQ==","timestamp":"2022-09-13T15:43:29.883896451Z"}
[90m3:43PM[0m [32mINF[0m received complete proposal block [36mhash=[0m2E4EA043EA482AEC6A0DC1C522D03BCF49F80B6CEF604634AD3BF2A1072FCC0A [36mheight=[0m13 [36mmodule=[0mconsensus
[90m3:43PM[0m [32mINF[0m finalizing commit of block [36mhash=[0m2E4EA043EA482AEC6A0DC1C522D03BCF49F80B6CEF604634AD3BF2A1072FCC0A [36mheight=[0m13 [36mmodule=[0mconsensus [36mnum_txs=[0m0 [36mroot=[0m1B8503E5AF3E3BCD3729EBB86EF0E29B9A59B4196ACE5E0CF13F71C2D639A0A1
[90m3:43PM[0m [32mINF[0m minted coins from module account [36mamount=[0m41ustake [36mfrom=[0mmint [36mmodule=[0mx/bank
[90m3:43PM[0m [32mINF[0m executed block [36mheight=[0m13 [36mmodule=[0mstate [36mnum_invalid_txs=[0m0 [36mnum_valid_txs=[0m0
[90m3:43PM[0m [32mINF[0m commit synced [36mcommit=[0m436F6D6D697449447B5B3233312032323420313831203534203134382032323020313333203231362038382031373620353820313632203234372037322031373220353420313631203235352032333420313435203930203235352031353720352032323120343820343820313534203135382031332031393920395D3A447D
[90m3:43PM[0m [32mINF[0m committed state [36mapp_hash=[0mE7E0B53694DC85D858B03AA2F748AC36A1FFEA915AFF9D05DD30309A9E0DC709 [36mheight=[0m13 [36mmodule=[0mstate [36mnum_txs=[0m0
[90m3:43PM[0m [32mINF[0m indexed block [36mheight=[0m13 [36mmodule=[0mtxindex
[90m3:43PM[0m [32mINF[0m Timed out [36mdur=[0m165.871788 [36mheight=[0m14 [36mmodule=[0mconsensus [36mround=[0m0 [36mstep=[0m1
[90m3:43PM[0m [32mINF[0m received proposal [36mmodule=[0mconsensus [36mproposal=[0m{"Type":32,"block_id":{"hash":"9D9813C4EB538A6594325C290460FFF14D46560E2C3CE835CF9810FAB0BF6C4C","parts":{"hash":"28786666283BB23BB30C20DE1BED6E2FD9C3A6681F4F4B9A720CA80765ECABD7","total":1}},"height":14,"pol_round":-1,"round":0,"signature":"uEtPrK5hAZRBrj8xRPY334ws2OMVEFG1lDX/3XzfGWaqNCy59oYrzeiaPLxId/am8D/0zQT5a9nr4ocKzVDmDA==","timestamp":"2022-09-13T15:43:30.11403455Z"}
[90m3:43PM[0m [32mINF[0m received complete proposal block [36mhash=[0m9D9813C4EB538A6594325C290460FFF14D46560E2C3CE835CF9810FAB0BF6C4C [36mheight=[0m14 [36mmodule=[0mconsensus
[90m3:43PM[0m [32mINF[0m finalizing commit of block [36mhash=[0m9D9813C4EB538A6594325C290460FFF14D46560E2C3CE835CF9810FAB0BF6C4C [36mheight=[0m14 [36mmodule=[0mconsensus [36mnum_txs=[0m0 [36mroot=[0mE7E0B53694DC85D858B03AA2F748AC36A1FFEA915AFF9D05DD30309A9E0DC709
[90m3:43PM[0m [32mINF[0m minted coins from module account [36mamount=[0m41ustake [36mfrom=[0mmint [36mmodule=[0mx/bank
[90m3:43PM[0m [32mINF[0m executed block [36mheight=[0m14 [36mmodule=[0mstate [36mnum_invalid_txs=[0m0 [36mnum_valid_txs=[0m0
[90m3:43PM[0m [32mINF[0m commit synced [36mcommit=[0m436F6D6D697449447B5B3130302031363120373220323339203230352039322030203235332031373720313638203535203738203234203131302031313520323820363120313033203136332036342032303520333520323020323020323020383920383820353320383320323434203636203130305D3A457D
[90m3:43PM[0m [32mINF[0m committed state [36mapp_hash=[0m64A148EFCD5C00FDB1A8374E186E731C3D67A340CD2314141459583553F44264 [36mheight=[0m14 [36mmodule=[0mstate [36mnum_txs=[0m0
[90m3:43PM[0m [32mINF[0m indexed block [36mheight=[0m14 [36mmodule=[0mtxindex
[90m3:43PM[0m [32mINF[0m Timed out [36mdur=[0m188.050032 [36mheight=[0m15 [36mmodule=[0mconsensus [36mround=[0m0 [36mstep=[0m1
[90m3:43PM[0m [32mINF[0m Timed out [36mdur=[0m100 [36mheight=[0m15 [36mmodule=[0mconsensus [36mround=[0m0 [36mstep=[0m3
[90m3:43PM[0m [32mINF[0m received proposal [36mmodule=[0mconsensus [36mproposal=[0m{"Type":32,"block_id":{"hash":"7222DCEDE575DCA9C4DD4479C97155B60EBF747C2E69EB7E2469CE3DE6432FE5","parts":{"hash":"D7ACAC879158FD34409884E59D1066BC575CEBAC4047F5A97B76A5A0A03ABC3A","total":1}},"height":15,"pol_round":-1,"round":0,"signature":"zctjBFf43Amo3oju30uIBoFY98+38O2tQtxUCZ2kYxDSDGGiWocA9Qdhq97Ih4Ta3L3qorKOD6HIDTrHNOMqAQ==","timestamp":"2022-09-13T15:43:30.330227898Z"}
[90m3:43PM[0m [32mINF[0m received complete proposal block [36mhash=[0m7222DCEDE575DCA9C4DD4479C97155B60EBF747C2E69EB7E2469CE3DE6432FE5 [36mheight=[0m15 [36mmodule=[0mconsensus
[90m3:43PM[0m [32mINF[0m Timed out [36mdur=[0m100 [36mheight=[0m15 [36mmodule=[0mconsensus [36mround=[0m0 [36mstep=[0m7
[90m3:43PM[0m [32mINF[0m received proposal [36mmodule=[0mconsensus [36mproposal=[0m{"Type":32,"block_id":{"hash":"7222DCEDE575DCA9C4DD4479C97155B60EBF747C2E69EB7E2469CE3DE6432FE5","parts":{"hash":"D7ACAC879158FD34409884E59D1066BC575CEBAC4047F5A97B76A5A0A03ABC3A","total":1}},"height":15,"pol_round":-1,"round":1,"signature":"XYCIZ9rFZhkRLCDVUZUk42msC7Vc/LSd4IouTwYUaehf3LeB4Q4ya6Rzk0Dc7H9Xw6s404e++Ot6l2Pe/T9vDw==","timestamp":"2022-09-13T15:43:30.712859635Z"}
[90m3:43PM[0m [32mINF[0m received complete proposal block [36mhash=[0m7222DCEDE575DCA9C4DD4479C97155B60EBF747C2E69EB7E2469CE3DE6432FE5 [36mheight=[0m15 [36mmodule=[0mconsensus
[90m3:43PM[0m [32mINF[0m finalizing commit of block [36mhash=[0m7222DCEDE575DCA9C4DD4479C97155B60EBF747C2E69EB7E2469CE3DE6432FE5 [36mheight=[0m15 [36mmodule=[0mconsensus [36mnum_txs=[0m0 [36mroot=[0m64A148EFCD5C00FDB1A8374E186E731C3D67A340CD2314141459583553F44264
[90m3:43PM[0m [32mINF[0m minted coins from module account [36mamount=[0m41ustake [36mfrom=[0mmint [36mmodule=[0mx/bank
[90m3:43PM[0m [32mINF[0m executed block [36mheight=[0m15 [36mmodule=[0mstate [36mnum_invalid_txs=[0m0 [36mnum_valid_txs=[0m0
[90m3:43PM[0m [32mINF[0m commit synced [36mcommit=[0m436F6D6D697449447B5B3135362032343920313439203230332031362031383520343320323336203234312031333120373420313720313636203130342031323320343720343820323420313434203631203737203932203833203831203232372039392036372031363820313631203932203131302036385D3A467D
[90m3:43PM[0m [32mINF[0m committed state [36mapp_hash=[0m9CF995CB10B92BECF1834A11A6687B2F3018903D4D5C5351E36343A8A15C6E44 [36mheight=[0m15 [36mmodule=[0mstate [36mnum_txs=[0m0
[90m3:43PM[0m [32mINF[0m indexed block [36mheight=[0m15 [36mmodule=[0mtxindex
[90m3:43PM[0m [32mINF[0m Timed out [36mdur=[0m190.24246 [36mheight=[0m16 [36mmodule=[0mconsensus [36mround=[0m0 [36mstep=[0m1
[90m3:43PM[0m [32mINF[0m received proposal [36mmodule=[0mconsensus [36mproposal=[0m{"Type":32,"block_id":{"hash":"16136EA4F3BD237350C0E2797E5E83A99703754846B6EFB0277B6C3EA78FAEFE","parts":{"hash":"4A6F91CB8B9483ADCE87B849B0150A9586D9A803E31FEAB93D4C2A524E51D628","total":1}},"height":16,"pol_round":-1,"round":0,"signature":"attmM5SlnhBwygbIenZbpm25XvFZ3obIpDq1UcBgKquuRI+Boyuv+fIADqQUwdmHctw/taAxvi4CkozV31CHDg==","timestamp":"2022-09-13T15:43:30.928547702Z"}
[90m3:43PM[0m [32mINF[0m received complete proposal block [36mhash=[0m16136EA4F3BD237350C0E2797E5E83A99703754846B6EFB0277B6C3EA78FAEFE [36mheight=[0m16 [36mmodule=[0mconsensus
[90m3:43PM[0m [32mINF[0m finalizing commit of block [36mhash=[0m16136EA4F3BD237350C0E2797E5E83A99703754846B6EFB0277B6C3EA78FAEFE [36mheight=[0m16 [36mmodule=[0mconsensus [36mnum_txs=[0m0 [36mroot=[0m9CF995CB10B92BECF1834A11A6687B2F3018903D4D5C5351E36343A8A15C6E44
[90m3:43PM[0m [32mINF[0m minted coins from module account [36mamount=[0m41ustake [36mfrom=[0mmint [36mmodule=[0mx/bank
[90m3:43PM[0m [32mINF[0m executed block [36mheight=[0m16 [36mmodule=[0mstate [36mnum_invalid_txs=[0m0 [36mnum_valid_txs=[0m0
[90m3:43PM[0m [32mINF[0m commit synced [36mcommit=[0m436F6D6D697449447B5B32333820313234203130322032313720323520323233203620383220313220333420313433203134382031203930203136382031313920323434203231352031393320323335203131332031363220302032203233372037382032343720353420383620323035203939203137375D3A31307D
[90m3:43PM[0m [32mINF[0m committed state [36mapp_hash=[0mEE7C66D919DF06520C228F94015AA877F4D7C1EB71A20002ED4EF73656CD63B1 [36mheight=[0m16 [36mmodule=[0mstate [36mnum_txs=[0m0
[90m3:43PM[0m [32mINF[0m indexed block [36mheight=[0m16 [36mmodule=[0mtxindex
[90m3:43PM[0m [32mINF[0m Timed out [36mdur=[0m189.269637 [36mheight=[0m17 [36mmodule=[0mconsensus [36mround=[0m0 [36mstep=[0m1
[90m3:43PM[0m [32mINF[0m received proposal [36mmodule=[0mconsensus [36mproposal=[0m{"Type":32,"block_id":{"hash":"8369ED9C7198B10625C805B6FAE2DA031ABB783C9BE2E709EC296784F88C6BFF","parts":{"hash":"2577B26C69D41D5F32DE15FC1A5280861B6872072F8CFF57142FCB66D37827C6","total":1}},"height":17,"pol_round":-1,"round":0,"signature":"ioM6u4wRcIM28IbKdZp2tNvN7hSMzz3RNp/jky/qwr0Ni429Bv6NCRwN44np7ZwzPBzmHe4ziVYSQADvnMXVDg==","timestamp":"2022-09-13T15:43:31.145079474Z"}
[90m3:43PM[0m [32mINF[0m received complete proposal block [36mhash=[0m8369ED9C7198B10625C805B6FAE2DA031ABB783C9BE2E709EC296784F88C6BFF [36mheight=[0m17 [36mmodule=[0mconsensus
[90m3:43PM[0m [32mINF[0m finalizing commit of block [36mhash=[0m8369ED9C7198B10625C805B6FAE2DA031ABB783C9BE2E709EC296784F88C6BFF [36mheight=[0m17 [36mmodule=[0mconsensus [36mnum_txs=[0m0 [36mroot=[0mEE7C66D919DF06520C228F94015AA877F4D7C1EB71A20002ED4EF73656CD63B1
[90m3:43PM[0m [32mINF[0m minted coins from module account [36mamount=[0m41ustake [36mfrom=[0mmint [36mmodule=[0mx/bank
[90m3:43PM[0m [32mINF[0m executed block [36mheight=[0m17 [36mmodule=[0mstate [36mnum_invalid_txs=[0m0 [36mnum_valid_txs=[0m0
[90m3:43PM[0m [32mINF[0m commit synced [36mcommit=[0m436F6D6D697449447B5B3133392031353420323133203139312032313720313030203134352032353420313220313734203234332031373020323239203233302037392031203235322031363220323320313536203336203132312031353520313020363720373120313130203230342039203739203831203133305D3A31317D
[90m3:43PM[0m [32mINF[0m committed state [36mapp_hash=[0m8B9AD5BFD96491FE0CAEF3AAE5E64F01FCA2179C24799B0A43476ECC094F5182 [36mheight=[0m17 [36mmodule=[0mstate [36mnum_txs=[0m0
[90m3:43PM[0m [32mINF[0m indexed block [36mheight=[0m17 [36mmodule=[0mtxindex
[90m3:43PM[0m [32mINF[0m Timed out [36mdur=[0m189.595865 [36mheight=[0m18 [36mmodule=[0mconsensus [36mround=[0m0 [36mstep=[0m1
[90m3:43PM[0m [32mINF[0m received proposal [36mmodule=[0mconsensus [36mproposal=[0m{"Type":32,"block_id":{"hash":"50E26C3288BD117F93DF1DAF9B325C14F8FFFC359C743ED7894E1044FE2ACB47","parts":{"hash":"DA35B3B18E4A7B1F80FB84EE40942312D4D4BBB380BC4D652636A4D8F4965369","total":1}},"height":18,"pol_round":-1,"round":0,"signature":"ncWWzu/hE65o7iOM9Q17ncFDRtqj0sSXssaViIo58QndELxzPg9Urd4xFdr/qIRaHrGmFLJN+NLkg5e8BWyNCg==","timestamp":"2022-09-13T15:43:31.360851811Z"}
[90m3:43PM[0m [32mINF[0m received complete proposal block [36mhash=[0m50E26C3288BD117F93DF1DAF9B325C14F8FFFC359C743ED7894E1044FE2ACB47 [36mheight=[0m18 [36mmodule=[0mconsensus
[90m3:43PM[0m [32mINF[0m finalizing commit of block [36mhash=[0m50E26C3288BD117F93DF1DAF9B325C14F8FFFC359C743ED7894E1044FE2ACB47 [36mheight=[0m18 [36mmodule=[0mconsensus [36mnum_txs=[0m0 [36mroot=[0m8B9AD5BFD96491FE0CAEF3AAE5E64F01FCA2179C24799B0A43476ECC094F5182
[90m3:43PM[0m [32mINF[0m minted coins from module account [36mamount=[0m41ustake [36mfrom=[0mmint [36mmodule=[0mx/bank
[90m3:43PM[0m [32mINF[0m executed block [36mheight=[0m18 [36mmodule=[0mstate [36mnum_invalid_txs=[0m0 [36mnum_valid_txs=[0m0
[90m3:43PM[0m [32mINF[0m commit synced [36mcommit=[0m436F6D6D697449447B5B353820313633203639203234342031313520323435203636203138203331203136332031373620343020353720373820323032203232372032362034362031393020313320323230203330203934203138203132362031342032343120363420313134203732203731203138305D3A31327D
[90m3:43PM[0m [32mINF[0m committed state [36mapp_hash=[0m3AA345F473F542121FA3B028394ECAE31A2EBE0DDC1E5E127E0EF140724847B4 [36mheight=[0m18 [36mmodule=[0mstate [36mnum_txs=[0m0
[90m3:43PM[0m [32mINF[0m indexed block [36mheight=[0m18 [36mmodule=[0mtxindex
[90m3:43PM[0m [32mINF[0m Timed out [36mdur=[0m189.632829 [36mheight=[0m19 [36mmodule=[0mconsensus [36mround=[0m0 [36mstep=[0m1
[90m3:43PM[0m [32mINF[0m received proposal [36mmodule=[0mconsensus [36mproposal=[0m{"Type":32,"block_id":{"hash":"55EC69D35C86640E084D77E43DCCFDB6CF7188586581F8381884789AE3ADF59D","parts":{"hash":"204D6140FE948DCE44553B937C9455D2869D6D6D7AB0747FF5ABB78C5726E28B","total":1}},"height":19,"pol_round":-1,"round":0,"signature":"wI1XZdH1XJGWKvx9Hs9Mk7l2fn4P4q4UgjAGBmFmvujt7KLRANW/fnIk817KfOglqLfPo0ebN6plJO56CNzVAw==","timestamp":"2022-09-13T15:43:31.573843661Z"}
[90m3:43PM[0m [32mINF[0m received complete proposal block [36mhash=[0m55EC69D35C86640E084D77E43DCCFDB6CF7188586581F8381884789AE3ADF59D [36mheight=[0m19 [36mmodule=[0mconsensus
[90m3:43PM[0m [32mINF[0m finalizing commit of block [36mhash=[0m55EC69D35C86640E084D77E43DCCFDB6CF7188586581F8381884789AE3ADF59D [36mheight=[0m19 [36mmodule=[0mconsensus [36mnum_txs=[0m0 [36mroot=[0m3AA345F473F542121FA3B028394ECAE31A2EBE0DDC1E5E127E0EF140724847B4
[90m3:43PM[0m [32mINF[0m minted coins from module account [36mamount=[0m41ustake [36mfrom=[0mmint [36mmodule=[0mx/bank
[90m3:43PM[0m [32mINF[0m executed block [36mheight=[0m19 [36mmodule=[0mstate [36mnum_invalid_txs=[0m0 [36mnum_valid_txs=[0m0
[90m3:43PM[0m [32mINF[0m commit synced [36mcommit=[0m436F6D6D697449447B5B3333203131372032343120313934203833203132302031393920313937203935203235322035322032343120323820313434203533203230362033372039352031333020313720313120323331203130362031383220313320323620313037203636203730203232302033372035345D3A31337D
[90m3:43PM[0m [32mINF[0m committed state [36mapp_hash=[0m2175F1C25378C7C55FFC34F11C9035CE255F82110BE76AB60D1A6B4246DC2536 [36mheight=[0m19 [36mmodule=[0mstate [36mnum_txs=[0m0
[90m3:43PM[0m [32mINF[0m indexed block [36mheight=[0m19 [36mmodule=[0mtxindex
[90m3:43PM[0m [32mINF[0m Timed out [36mdur=[0m190.156364 [36mheight=[0m20 [36mmodule=[0mconsensus [36mround=[0m0 [36mstep=[0m1
[90m3:43PM[0m [32mINF[0m received proposal [36mmodule=[0mconsensus [36mproposal=[0m{"Type":32,"block_id":{"hash":"A90D1E86CEEBE47BA3B3956349D089C9B0A23D7EDF7C160AEF657F5F1727C256","parts":{"hash":"C3A87D75761F09654333EC83E9BBADAC94EB01623D1AB9BEFD45307828E8DE9D","total":1}},"height":20,"pol_round":-1,"round":0,"signature":"jxYEg9KgQuA64GOWIO7Vb8Vn3MkQCBTf91R+4PX6SklLD5fvReM23bBfurXhaKAbKyb2B49ZrxwFjfJE0VhQDQ==","timestamp":"2022-09-13T15:43:31.786312787Z"}
[90m3:43PM[0m [32mINF[0m received complete proposal block [36mhash=[0mA90D1E86CEEBE47BA3B3956349D089C9B0A23D7EDF7C160AEF657F5F1727C256 [36mheight=[0m20 [36mmodule=[0mconsensus
[90m3:43PM[0m [32mINF[0m finalizing commit of block [36mhash=[0mA90D1E86CEEBE47BA3B3956349D089C9B0A23D7EDF7C160AEF657F5F1727C256 [36mheight=[0m20 [36mmodule=[0mconsensus [36mnum_txs=[0m0 [36mroot=[0m2175F1C25378C7C55FFC34F11C9035CE255F82110BE76AB60D1A6B4246DC2536
[90m3:43PM[0m [32mINF[0m minted coins from module account [36mamount=[0m41ustake [36mfrom=[0mmint [36mmodule=[0mx/bank
[90m3:43PM[0m [32mINF[0m executed block [36mheight=[0m20 [36mmodule=[0mstate [36mnum_invalid_txs=[0m0 [36mnum_valid_txs=[0m0
[90m3:43PM[0m [32mINF[0m commit synced [36mcommit=[0m436F6D6D697449447B5B323031203138312035302031333420313932203133322034372031303920383120323031203133392034352031303720323120332031303020323034203939203134302031323920313530203534203135392031383320313038203431203139372031363320313039203133203437203134355D3A31347D
[90m3:43PM[0m [32mINF[0m committed state [36mapp_hash=[0mC9B53286C0842F6D51C98B2D6B150364CC638C8196369FB76C29C5A36D0D2F91 [36mheight=[0m20 [36mmodule=[0mstate [36mnum_txs=[0m0
[90m3:43PM[0m [32mINF[0m indexed block [36mheight=[0m20 [36mmodule=[0mtxindex
[90m3:43PM[0m [32mINF[0m Timed out [36mdur=[0m191.244896 [36mheight=[0m21 [36mmodule=[0mconsensus [36mround=[0m0 [36mstep=[0m1
[90m3:43PM[0m [32mINF[0m received proposal [36mmodule=[0mconsensus [36mproposal=[0m{"Type":32,"block_id":{"hash":"C6338A67007D09556AD577061194A02AE912AD285DD5B0E840D8859CAB297BB8","parts":{"hash":"45DD301013FD207A1E20CBC918E9FF9D981F74D1AF0437BBABBE03FF36EB5730","total":1}},"height":21,"pol_round":-1,"round":0,"signature":"qXM24GqIocujiWNiaIN3SlEzAcn6ZGUMrJwFfw1VOzHNzT5VXm6UqFM90Hu1FotyJitFUJJTIQKD2RCZcO74DA==","timestamp":"2022-09-13T15:43:32.000479477Z"}
[90m3:43PM[0m [32mINF[0m received complete proposal block [36mhash=[0mC6338A67007D09556AD577061194A02AE912AD285DD5B0E840D8859CAB297BB8 [36mheight=[0m21 [36mmodule=[0mconsensus
[90m3:43PM[0m [32mINF[0m finalizing commit of block [36mhash=[0mC6338A67007D09556AD577061194A02AE912AD285DD5B0E840D8859CAB297BB8 [36mheight=[0m21 [36mmodule=[0mconsensus [36mnum_txs=[0m0 [36mroot=[0mC9B53286C0842F6D51C98B2D6B150364CC638C8196369FB76C29C5A36D0D2F91
[90m3:43PM[0m [32mINF[0m minted coins from module account [36mamount=[0m41ustake [36mfrom=[0mmint [36mmodule=[0mx/bank
[90m3:43PM[0m [32mINF[0m executed block [36mheight=[0m21 [36mmodule=[0mstate [36mnum_invalid_txs=[0m0 [36mnum_valid_txs=[0m0
[90m3:43PM[0m [32mINF[0m commit synced [36mcommit=[0m436F6D6D697449447B5B313134203735203730203231352031393120323338203233362033203137322038392032323220313620353820343620313220313231203439203439203130332034302031353320333820313731203130302033302032353020323037203235302032353320313032203132352034355D3A31357D
[90m3:43PM[0m [32mINF[0m committed state [36mapp_hash=[0m724B46D7BFEEEC03AC59DE103A2E0C79313167289926AB641EFACFFAFD667D2D [36mheight=[0m21 [36mmodule=[0mstate [36mnum_txs=[0m0
[90m3:43PM[0m [32mINF[0m indexed block [36mheight=[0m21 [36mmodule=[0mtxindex
[90m3:43PM[0m [32mINF[0m Timed out [36mdur=[0m189.762984 [36mheight=[0m22 [36mmodule=[0mconsensus [36mround=[0m0 [36mstep=[0m1
[90m3:43PM[0m [32mINF[0m received proposal [36mmodule=[0mconsensus [36mproposal=[0m{"Type":32,"block_id":{"hash":"34A64C006EEE90C42EBF5744AA3EE198D6EEFD9675297A8D2C42D50266CAB497","parts":{"hash":"6CBFB43C2DE61441E520B994A4932DDD8D66F16DB89151E34C5A85BB6866AC64","total":1}},"height":22,"pol_round":-1,"round":0,"signature":"KaxWwbPob/gXsdUw/IXnGVVRBAp/hp1DpjrnctlVG6gL8eNOt9UX7HIhBlkNZPwzDFTC1Ka1r7Cj8oBksEHpBw==","timestamp":"2022-09-13T15:43:32.215927621Z"}
[90m3:43PM[0m [32mINF[0m received complete proposal block [36mhash=[0m34A64C006EEE90C42EBF5744AA3EE198D6EEFD9675297A8D2C42D50266CAB497 [36mheight=[0m22 [36mmodule=[0mconsensus
[90m3:43PM[0m [32mINF[0m finalizing commit of block [36mhash=[0m34A64C006EEE90C42EBF5744AA3EE198D6EEFD9675297A8D2C42D50266CAB497 [36mheight=[0m22 [36mmodule=[0mconsensus [36mnum_txs=[0m0 [36mroot=[0m724B46D7BFEEEC03AC59DE103A2E0C79313167289926AB641EFACFFAFD667D2D
[90m3:43PM[0m [32mINF[0m minted coins from module account [36mamount=[0m41ustake [36mfrom=[0mmint [36mmodule=[0mx/bank
[90m3:43PM[0m [32mINF[0m executed block [36mheight=[0m22 [36mmodule=[0mstate [36mnum_invalid_txs=[0m0 [36mnum_valid_txs=[0m0
[90m3:43PM[0m [32mINF[0m commit synced [36mcommit=[0m436F6D6D697449447B5B323237203435203130362031313520323339203235203134302031383120323220313337203331203635203832203233372038342032313120342031313120323231203230352032323720313533203139342034352031372032313120313839203333203135302031362037352037305D3A31367D
[90m3:43PM[0m [32mINF[0m committed state [36mapp_hash=[0mE32D6A73EF198CB516891F4152ED54D3046FDDCDE399C22D11D3BD2196104B46 [36mheight=[0m22 [36mmodule=[0mstate [36mnum_txs=[0m0
[90m3:43PM[0m [32mINF[0m indexed block [36mheight=[0m22 [36mmodule=[0mtxindex
[90m3:43PM[0m [32mINF[0m Timed out [36mdur=[0m186.266632 [36mheight=[0m23 [36mmodule=[0mconsensus [36mround=[0m0 [36mstep=[0m1
[90m3:43PM[0m [32mINF[0m received proposal [36mmodule=[0mconsensus [36mproposal=[0m{"Type":32,"block_id":{"hash":"5C4F499C9602E4C54D43C489759827FBB919DE22858191540D6F0D94180712EC","parts":{"hash":"774D19B335231D2430F127164862F1CF3A0FBF74795C63D66E6250FD4396EAB8","total":1}},"height":23,"pol_round":-1,"round":0,"signature":"M3ra+4yrr2LuUTdyVWQA0njoaT07qEbQNO+Wf+CgIOA7cD1blHmCwtxm39IP2w/qgvrsggp+PlSI4TAUuXMAAw==","timestamp":"2022-09-13T15:43:32.433349159Z"}
[90m3:43PM[0m [32mINF[0m received complete proposal block [36mhash=[0m5C4F499C9602E4C54D43C489759827FBB919DE22858191540D6F0D94180712EC [36mheight=[0m23 [36mmodule=[0mconsensus
[90m3:43PM[0m [32mINF[0m finalizing commit of block [36mhash=[0m5C4F499C9602E4C54D43C489759827FBB919DE22858191540D6F0D94180712EC [36mheight=[0m23 [36mmodule=[0mconsensus [36mnum_txs=[0m0 [36mroot=[0mE32D6A73EF198CB516891F4152ED54D3046FDDCDE399C22D11D3BD2196104B46
[90m3:43PM[0m [32mINF[0m minted coins from module account [36mamount=[0m41ustake [36mfrom=[0mmint [36mmodule=[0mx/bank
[90m3:43PM[0m [32mINF[0m executed block [36mheight=[0m23 [36mmodule=[0mstate [36mnum_invalid_txs=[0m0 [36mnum_valid_txs=[0m0
[90m3:43PM[0m [32mINF[0m commit synced [36mcommit=[0m436F6D6D697449447B5B3638203930203832203832203137342031343820313639203532203135352039352032303420313935203338203131362031333820323038203134322033203131203135392031313320313034203231332032333020313135203933203134392031333020313739203230382034382036325D3A31377D
[90m3:43PM[0m [32mINF[0m committed state [36mapp_hash=[0m445A5252AE94A9349B5FCCC326748AD08E030B9F7168D5E6735D9582B3D0303E [36mheight=[0m23 [36mmodule=[0mstate [36mnum_txs=[0m0
[90m3:43PM[0m [32mINF[0m indexed block [36mheight=[0m23 [36mmodule=[0mtxindex
[90m3:43PM[0m [32mINF[0m Timed out [36mdur=[0m189.741768 [36mheight=[0m24 [36mmodule=[0mconsensus [36mround=[0m0 [36mstep=[0m1
[90m3:43PM[0m [32mINF[0m received proposal [36mmodule=[0mconsensus [36mproposal=[0m{"Type":32,"block_id":{"hash":"BBB7870D0F65F65B53A1CAB9BEDB7232FA702BA5372ED9136C034871510EAFE4","parts":{"hash":"5310A75EA68FFCA28584273706F58970C34D1DDF08E62B1E4BCC618638429BE0","total":1}},"height":24,"pol_round":-1,"round":0,"signature":"W0nFuaiD8qUGodppVUwHCBk3fPQa3rIGI/0EEkZxXe3EJHjTSTPytnDZVAyUYjMWvGiZJSQWOYK879eEjzDrCw==","timestamp":"2022-09-13T15:43:32.668327045Z"}
[90m3:43PM[0m [32mINF[0m received complete proposal block [36mhash=[0mBBB7870D0F65F65B53A1CAB9BEDB7232FA702BA5372ED9136C034871510EAFE4 [36mheight=[0m24 [36mmodule=[0mconsensus
[90m3:43PM[0m [32mINF[0m finalizing commit of block [36mhash=[0mBBB7870D0F65F65B53A1CAB9BEDB7232FA702BA5372ED9136C034871510EAFE4 [36mheight=[0m24 [36mmodule=[0mconsensus [36mnum_txs=[0m0 [36mroot=[0m445A5252AE94A9349B5FCCC326748AD08E030B9F7168D5E6735D9582B3D0303E
[90m3:43PM[0m [32mINF[0m minted coins from module account [36mamount=[0m41ustake [36mfrom=[0mmint [36mmodule=[0mx/bank
[90m3:43PM[0m [32mINF[0m executed block [36mheight=[0m24 [36mmodule=[0mstate [36mnum_invalid_txs=[0m0 [36mnum_valid_txs=[0m0
[90m3:43PM[0m [32mINF[0m commit synced [36mcommit=[0m436F6D6D697449447B5B3137382031393020323532203237203137352031313220313436203535203231322032333120313333203233342031363520313433203733203937203836203232203530203231332032323320313920313434203438203137203233392031392036382031333720323532203134332031335D3A31387D
[90m3:43PM[0m [32mINF[0m committed state [36mapp_hash=[0mB2BEFC1BAF709237D4E785EAA58F4961561632D5DF13903011EF134489FC8F0D [36mheight=[0m24 [36mmodule=[0mstate [36mnum_txs=[0m0
[90m3:43PM[0m [32mINF[0m indexed block [36mheight=[0m24 [36mmodule=[0mtxindex
[90m3:43PM[0m [32mINF[0m Timed out [36mdur=[0m190.375961 [36mheight=[0m25 [36mmodule=[0mconsensus [36mround=[0m0 [36mstep=[0m1
[90m3:43PM[0m [32mINF[0m received proposal [36mmodule=[0mconsensus [36mproposal=[0m{"Type":32,"block_id":{"hash":"1F0500CD867D1D4BD34FA11A46021B4904D6B8AB75858FEA77DA615E48A87033","parts":{"hash":"2ECD757804A7870F493A89D01E30B203388AC4B1E5F9ED4AAFA1F9FEC179CD23","total":1}},"height":25,"pol_round":-1,"round":0,"signature":"b5v5JeDo9iLtKEGUcC6TLjN4gO6O0vXHzhOfWHRgfuEVDsTEz3o0yhel2o5+XJSI24pM+9hTee5kQAxNHd/EDA==","timestamp":"2022-09-13T15:43:32.89092476Z"}
[90m3:43PM[0m [32mINF[0m received complete proposal block [36mhash=[0m1F0500CD867D1D4BD34FA11A46021B4904D6B8AB75858FEA77DA615E48A87033 [36mheight=[0m25 [36mmodule=[0mconsensus
[90m3:43PM[0m [32mINF[0m finalizing commit of block [36mhash=[0m1F0500CD867D1D4BD34FA11A46021B4904D6B8AB75858FEA77DA615E48A87033 [36mheight=[0m25 [36mmodule=[0mconsensus [36mnum_txs=[0m0 [36mroot=[0mB2BEFC1BAF709237D4E785EAA58F4961561632D5DF13903011EF134489FC8F0D
[90m3:43PM[0m [32mINF[0m minted coins from module account [36mamount=[0m41ustake [36mfrom=[0mmint [36mmodule=[0mx/bank
[90m3:43PM[0m [32mINF[0m executed block [36mheight=[0m25 [36mmodule=[0mstate [36mnum_invalid_txs=[0m0 [36mnum_valid_txs=[0m0
[90m3:43PM[0m [32mINF[0m commit synced [36mcommit=[0m436F6D6D697449447B5B342031333520363520313637203439203239203138302035322031343420313433203136332031353820323432203139352039382033203139322031323420313639203130392032352032313820323534203133203134312031203230362031353920373520353620313339203231355D3A31397D
[90m3:43PM[0m [32mINF[0m committed state [36mapp_hash=[0m048741A7311DB434908FA39EF2C36203C07CA96D19DAFE0D8D01CE9F4B388BD7 [36mheight=[0m25 [36mmodule=[0mstate [36mnum_txs=[0m0
[90m3:43PM[0m [32mINF[0m indexed block [36mheight=[0m25 [36mmodule=[0mtxindex
[90m3:43PM[0m [32mINF[0m Timed out [36mdur=[0m150.423627 [36mheight=[0m26 [36mmodule=[0mconsensus [36mround=[0m0 [36mstep=[0m1
[90m3:43PM[0m [32mINF[0m received proposal [36mmodule=[0mconsensus [36mproposal=[0m{"Type":32,"block_id":{"hash":"C42B35DD31AD75FA9F219A91A1472782A4800FCE4822D7359ED703D54DF33CB8","parts":{"hash":"1A6AFA69E0F69D99E7C35457490EEA44C082904C7DB5648B1075C826517067E1","total":1}},"height":26,"pol_round":-1,"round":0,"signature":"77sSvfNXZF7AUBc00zGSg313tE/ZcUVSBuvfh6Fk6DSrfkwhQfJaAWSd5MILJ1gs3qX0Lin+8KdzsERz5C8lBg==","timestamp":"2022-09-13T15:43:33.106571659Z"}
[90m3:43PM[0m [32mINF[0m received complete proposal block [36mhash=[0mC42B35DD31AD75FA9F219A91A1472782A4800FCE4822D7359ED703D54DF33CB8 [36mheight=[0m26 [36mmodule=[0mconsensus
[90m3:43PM[0m [32mINF[0m finalizing commit of block [36mhash=[0mC42B35DD31AD75FA9F219A91A1472782A4800FCE4822D7359ED703D54DF33CB8 [36mheight=[0m26 [36mmodule=[0mconsensus [36mnum_txs=[0m0 [36mroot=[0m048741A7311DB434908FA39EF2C36203C07CA96D19DAFE0D8D01CE9F4B388BD7
[90m3:43PM[0m [32mINF[0m minted coins from module account [36mamount=[0m41ustake [36mfrom=[0mmint [36mmodule=[0mx/bank
[90m3:43PM[0m [32mINF[0m executed block [36mheight=[0m26 [36mmodule=[0mstate [36mnum_invalid_txs=[0m0 [36mnum_valid_txs=[0m0
[90m3:43PM[0m [32mINF[0m commit synced [36mcommit=[0m436F6D6D697449447B5B313439203420373520343220363620383620313530203230322039302033392032203131382037332031393320343020323335203137362032313420323620313530203137203234332032343320313535203137332032203431203930203136372032343420382039365D3A31417D
[90m3:43PM[0m [32mINF[0m committed state [36mapp_hash=[0m95044B2A425696CA5A27027649C128EBB0D61A9611F3F39BAD02295AA7F40860 [36mheight=[0m26 [36mmodule=[0mstate [36mnum_txs=[0m0
[90m3:43PM[0m [32mINF[0m indexed block [36mheight=[0m26 [36mmodule=[0mtxindex
[90m3:43PM[0m [32mINF[0m Timed out [36mdur=[0m190.570438 [36mheight=[0m27 [36mmodule=[0mconsensus [36mround=[0m0 [36mstep=[0m1
[90m3:43PM[0m [32mINF[0m received proposal [36mmodule=[0mconsensus [36mproposal=[0m{"Type":32,"block_id":{"hash":"9DB7259E407D1F4EE0F4A897CA36B278B08D33AD7264CCD49D7C6A1CDAB209A8","parts":{"hash":"B8EE6E2E8DD08E33877B046176CBA9C9A752D0176806E04835157E393BCA2D9B","total":1}},"height":27,"pol_round":-1,"round":0,"signature":"vsnhYIuaVZUdjQ4Ljb6X5vwz8g04bEmmMFdVI93+y9ea0tRr1VAKLqDbRkKqTQfJJffi1YXgurCwPTNBmuA7Cg==","timestamp":"2022-09-13T15:43:33.323677066Z"}
[90m3:43PM[0m [32mINF[0m received complete proposal block [36mhash=[0m9DB7259E407D1F4EE0F4A897CA36B278B08D33AD7264CCD49D7C6A1CDAB209A8 [36mheight=[0m27 [36mmodule=[0mconsensus
[90m3:43PM[0m [32mINF[0m finalizing commit of block [36mhash=[0m9DB7259E407D1F4EE0F4A897CA36B278B08D33AD7264CCD49D7C6A1CDAB209A8 [36mheight=[0m27 [36mmodule=[0mconsensus [36mnum_txs=[0m0 [36mroot=[0m95044B2A425696CA5A27027649C128EBB0D61A9611F3F39BAD02295AA7F40860
[90m3:43PM[0m [32mINF[0m minted coins from module account [36mamount=[0m41ustake [36mfrom=[0mmint [36mmodule=[0mx/bank
[90m3:43PM[0m [32mINF[0m executed block [36mheight=[0m27 [36mmodule=[0mstate [36mnum_invalid_txs=[0m0 [36mnum_valid_txs=[0m0
[90m3:43PM[0m [32mINF[0m commit synced [36mcommit=[0m436F6D6D697449447B5B343120362038342031372031363020313920373220373520313637203233332032353420323239203137382032343720313934203133322032333920313020313236203434203136372032323820353720323335203437203135302031342031333020313732203738203332203231315D3A31427D
[90m3:43PM[0m [32mINF[0m committed state [36mapp_hash=[0m29065411A013484BA7E9FEE5B2F7C284EF0A7E2CA7E439EB2F960E82AC4E20D3 [36mheight=[0m27 [36mmodule=[0mstate [36mnum_txs=[0m0
[90m3:43PM[0m [32mINF[0m indexed block [36mheight=[0m27 [36mmodule=[0mtxindex
[90m3:43PM[0m [32mINF[0m Timed out [36mdur=[0m185.22731 [36mheight=[0m28 [36mmodule=[0mconsensus [36mround=[0m0 [36mstep=[0m1
[90m3:43PM[0m [32mINF[0m received proposal [36mmodule=[0mconsensus [36mproposal=[0m{"Type":32,"block_id":{"hash":"8FF4AB81F36B869D9C8A49AE4249C166F52EEBF149FA001B53E75E8CF286B145","parts":{"hash":"F4C1DFF9C91D8A29B74005F56DD7F3260C13B415AD3B903240B9D37CFBF1A7B1","total":1}},"height":28,"pol_round":-1,"round":0,"signature":"Vje52RC6LXuW8F9emfkLRvv/CMjQ3yeHd6oYXj6LpO/UgeDNuT1j1/FC/9jjfmkSo9WgYRf32nGyh4gK670vBQ==","timestamp":"2022-09-13T15:43:33.535808425Z"}
[90m3:43PM[0m [32mINF[0m received complete proposal block [36mhash=[0m8FF4AB81F36B869D9C8A49AE4249C166F52EEBF149FA001B53E75E8CF286B145 [36mheight=[0m28 [36mmodule=[0mconsensus
[90m3:43PM[0m [32mINF[0m finalizing commit of block [36mhash=[0m8FF4AB81F36B869D9C8A49AE4249C166F52EEBF149FA001B53E75E8CF286B145 [36mheight=[0m28 [36mmodule=[0mconsensus [36mnum_txs=[0m0 [36mroot=[0m29065411A013484BA7E9FEE5B2F7C284EF0A7E2CA7E439EB2F960E82AC4E20D3
[90m3:43PM[0m [32mINF[0m minted coins from module account [36mamount=[0m41ustake [36mfrom=[0mmint [36mmodule=[0mx/bank
[90m3:43PM[0m [32mINF[0m executed block [36mheight=[0m28 [36mmodule=[0mstate [36mnum_invalid_txs=[0m0 [36mnum_valid_txs=[0m0
[90m3:43PM[0m [32mINF[0m commit synced [36mcommit=[0m436F6D6D697449447B5B3136312032343820313238203138392032323420323038203232322038362035372037362031383820313836203235302031383520393420343120313335203920313130203234382031393520313239203230392031203138342039372031343420313736203432203133362031382032325D3A31437D
[90m3:43PM[0m [32mINF[0m committed state [36mapp_hash=[0mA1F880BDE0D0DE56394CBCBAFAB95E2987096EF8C381D101B86190B02A881216 [36mheight=[0m28 [36mmodule=[0mstate [36mnum_txs=[0m0
[90m3:43PM[0m [32mINF[0m indexed block [36mheight=[0m28 [36mmodule=[0mtxindex
[90m3:43PM[0m [32mINF[0m Timed out [36mdur=[0m187.842798 [36mheight=[0m29 [36mmodule=[0mconsensus [36mround=[0m0 [36mstep=[0m1
[90m3:43PM[0m [32mINF[0m received proposal [36mmodule=[0mconsensus [36mproposal=[0m{"Type":32,"block_id":{"hash":"009FACBF79D65F0962795AE7AAF897E977BA47427C2CBD4BB53F77AAD4E0C5ED","parts":{"hash":"EC3FE9236EB5478B292E0CE2C80E586DCE8246A948014141C33171E56791F147","total":1}},"height":29,"pol_round":-1,"round":0,"signature":"VXwXyO0PqejO8kUAtcrm/c3KLiqRZe4VRvKPwdMkwl/QU4odRaeW5wLXJdeQ+943wCEHxIw1SH79e0Mm83adCA==","timestamp":"2022-09-13T15:43:33.758640769Z"}
[90m3:43PM[0m [32mINF[0m received complete proposal block [36mhash=[0m009FACBF79D65F0962795AE7AAF897E977BA47427C2CBD4BB53F77AAD4E0C5ED [36mheight=[0m29 [36mmodule=[0mconsensus
[90m3:43PM[0m [32mINF[0m finalizing commit of block [36mhash=[0m009FACBF79D65F0962795AE7AAF897E977BA47427C2CBD4BB53F77AAD4E0C5ED [36mheight=[0m29 [36mmodule=[0mconsensus [36mnum_txs=[0m0 [36mroot=[0mA1F880BDE0D0DE56394CBCBAFAB95E2987096EF8C381D101B86190B02A881216
[90m3:43PM[0m [32mINF[0m minted coins from module account [36mamount=[0m41ustake [36mfrom=[0mmint [36mmodule=[0mx/bank
[90m3:43PM[0m [32mINF[0m executed block [36mheight=[0m29 [36mmodule=[0mstate [36mnum_invalid_txs=[0m0 [36mnum_valid_txs=[0m0
[90m3:43PM[0m [32mINF[0m commit synced [36mcommit=[0m436F6D6D697449447B5B323434203134372032323420323020312031343820323331203236203232332036332032313720393420313936203439203230302034392036302037342032333420313031203139362031303420313934203138392031343220343520323433203436203138382036352035322037355D3A31447D
[90m3:43PM[0m [32mINF[0m committed state [36mapp_hash=[0mF493E0140194E71ADF3FD95EC431C8313C4AEA65C468C2BD8E2DF32EBC41344B [36mheight=[0m29 [36mmodule=[0mstate [36mnum_txs=[0m0
[90m3:43PM[0m [32mINF[0m indexed block [36mheight=[0m29 [36mmodule=[0mtxindex
[90m3:43PM[0m [32mINF[0m Timed out [36mdur=[0m189.000105 [36mheight=[0m30 [36mmodule=[0mconsensus [36mround=[0m0 [36mstep=[0m1
[90m3:43PM[0m [32mINF[0m received proposal [36mmodule=[0mconsensus [36mproposal=[0m{"Type":32,"block_id":{"hash":"40B62FCFFAB4150D6C897F4CFF8D3537C4E66117380782C588F059B335EEF739","parts":{"hash":"686DB56473ACC3E6D93F7C8252150C4DD54A071C4A788CD91F4B51486B2B4B0D","total":1}},"height":30,"pol_round":-1,"round":0,"signature":"UaoPVkHu+CiiRAu6bcAbYtkyLJWjPPZczUgM9cQwrX1NhxNueaveE6Z29s8YXGXjwOUCRAJgXg+bdV0xBv2HBQ==","timestamp":"2022-09-13T15:43:33.97749584Z"}
[90m3:43PM[0m [32mINF[0m received complete proposal block [36mhash=[0m40B62FCFFAB4150D6C897F4CFF8D3537C4E66117380782C588F059B335EEF739 [36mheight=[0m30 [36mmodule=[0mconsensus
[90m3:43PM[0m [32mINF[0m finalizing commit of block [36mhash=[0m40B62FCFFAB4150D6C897F4CFF8D3537C4E66117380782C588F059B335EEF739 [36mheight=[0m30 [36mmodule=[0mconsensus [36mnum_txs=[0m0 [36mroot=[0mF493E0140194E71ADF3FD95EC431C8313C4AEA65C468C2BD8E2DF32EBC41344B
[90m3:43PM[0m [32mINF[0m minted coins from module account [36mamount=[0m41ustake [36mfrom=[0mmint [36mmodule=[0mx/bank
[90m3:43PM[0m [32mINF[0m executed block [36mheight=[0m30 [36mmodule=[0mstate [36mnum_invalid_txs=[0m0 [36mnum_valid_txs=[0m0
[90m3:43PM[0m [32mINF[0m commit synced [36mcommit=[0m436F6D6D697449447B5B3731203334203335203130342031393520393720313233203537203532203136322036352035362032343320323338203432203231342035392032303120393320333720323533203137372031313720313437203738203634203231332033392031333520313232203431203235315D3A31457D
[90m3:43PM[0m [32mINF[0m committed state [36mapp_hash=[0m47222368C3617B3934A24138F3EE2AD63BC95D25FDB175934E40D527877A29FB [36mheight=[0m30 [36mmodule=[0mstate [36mnum_txs=[0m0
[90m3:43PM[0m [32mINF[0m indexed block [36mheight=[0m30 [36mmodule=[0mtxindex
[90m3:43PM[0m [32mINF[0m Timed out [36mdur=[0m188.938265 [36mheight=[0m31 [36mmodule=[0mconsensus [36mround=[0m0 [36mstep=[0m1
[90m3:43PM[0m [32mINF[0m received proposal [36mmodule=[0mconsensus [36mproposal=[0m{"Type":32,"block_id":{"hash":"FCE0951C325D2BE056CE0DCA655EE2E4FCD18BF34E8FACFF5E900EFF2DF0849F","parts":{"hash":"AC671CA7C1260A9C80BC85F099ECCD6025BD6F59CE7E41414D9F4B44EE0EB5D5","total":1}},"height":31,"pol_round":-1,"round":0,"signature":"0+KLd+DPdT5Z7Hkh8MP+IyZwXNl68gL5xCZ0BRoFwdUZEJKvt9QfiZ6u6pPkYgPMc8VO/uOA66OZHJqBYXzPDw==","timestamp":"2022-09-13T15:43:34.193080314Z"}
[90m3:43PM[0m [32mINF[0m received complete proposal block [36mhash=[0mFCE0951C325D2BE056CE0DCA655EE2E4FCD18BF34E8FACFF5E900EFF2DF0849F [36mheight=[0m31 [36mmodule=[0mconsensus
[90m3:43PM[0m [32mINF[0m finalizing commit of block [36mhash=[0mFCE0951C325D2BE056CE0DCA655EE2E4FCD18BF34E8FACFF5E900EFF2DF0849F [36mheight=[0m31 [36mmodule=[0mconsensus [36mnum_txs=[0m0 [36mroot=[0m47222368C3617B3934A24138F3EE2AD63BC95D25FDB175934E40D527877A29FB
[90m3:43PM[0m [32mINF[0m minted coins from module account [36mamount=[0m41ustake [36mfrom=[0mmint [36mmodule=[0mx/bank
[90m3:43PM[0m [32mINF[0m executed block [36mheight=[0m31 [36mmodule=[0mstate [36mnum_invalid_txs=[0m0 [36mnum_valid_txs=[0m0
[90m3:43PM[0m [32mINF[0m commit synced [36mcommit=[0m436F6D6D697449447B5B353020313037203131322031353620313731203136312032313720323134203235312032353020313439203631203931203138322036352031383320313632203932203920363920313538203133342032333720313738203630203830203735203138322032303220323331203130382037345D3A31467D
[90m3:43PM[0m [32mINF[0m committed state [36mapp_hash=[0m326B709CABA1D9D6FBFA953D5BB641B7A25C09459E86EDB23C504BB6CAE76C4A [36mheight=[0m31 [36mmodule=[0mstate [36mnum_txs=[0m0
[90m3:43PM[0m [32mINF[0m indexed block [36mheight=[0m31 [36mmodule=[0mtxindex
[90m3:43PM[0m [32mINF[0m Timed out [36mdur=[0m188.900187 [36mheight=[0m32 [36mmodule=[0mconsensus [36mround=[0m0 [36mstep=[0m1
[90m3:43PM[0m [32mINF[0m received proposal [36mmodule=[0mconsensus [36mproposal=[0m{"Type":32,"block_id":{"hash":"36D107D0C134212742570321E46C532B075EA5748300FD05452A95E42BE84F15","parts":{"hash":"37E16B4AECE7EF1A71738A216D58AD0C47AFF0C69785BCC880A0F2E249E0EFFA","total":1}},"height":32,"pol_round":-1,"round":0,"signature":"GSGBYbQM46NH5/nmZW02N4YZHeZXfZkHuvMzpba8mO+SOudROiPMmZKbpdGq4yOjup04JrXo+9YT8bE8b5rtDA==","timestamp":"2022-09-13T15:43:34.408070773Z"}
[90m3:43PM[0m [32mINF[0m received complete proposal block [36mhash=[0m36D107D0C134212742570321E46C532B075EA5748300FD05452A95E42BE84F15 [36mheight=[0m32 [36mmodule=[0mconsensus
[90m3:43PM[0m [32mINF[0m finalizing commit of block [36mhash=[0m36D107D0C134212742570321E46C532B075EA5748300FD05452A95E42BE84F15 [36mheight=[0m32 [36mmodule=[0mconsensus [36mnum_txs=[0m0 [36mroot=[0m326B709CABA1D9D6FBFA953D5BB641B7A25C09459E86EDB23C504BB6CAE76C4A
[90m3:43PM[0m [32mINF[0m minted coins from module account [36mamount=[0m41ustake [36mfrom=[0mmint [36mmodule=[0mx/bank
[90m3:43PM[0m [32mINF[0m executed block [36mheight=[0m32 [36mmodule=[0mstate [36mnum_invalid_txs=[0m0 [36mnum_valid_txs=[0m0
[90m3:43PM[0m [32mINF[0m commit synced [36mcommit=[0m436F6D6D697449447B5B3135352031303620323434203138203132392034352032352031323820333020352031353120323437203130312031343320313832203438203234362033342037332031303420323434203137342037302030203139382031393720313334203132332032382037362035312033375D3A32307D
[90m3:43PM[0m [32mINF[0m committed state [36mapp_hash=[0m9B6AF412812D19801E0597F7658FB630F6224968F4AE4600C6C5867B1C4C3325 [36mheight=[0m32 [36mmodule=[0mstate [36mnum_txs=[0m0
[90m3:43PM[0m [32mINF[0m indexed block [36mheight=[0m32 [36mmodule=[0mtxindex
[90m3:43PM[0m [32mINF[0m Timed out [36mdur=[0m187.475974 [36mheight=[0m33 [36mmodule=[0mconsensus [36mround=[0m0 [36mstep=[0m1
[90m3:43PM[0m [32mINF[0m received proposal [36mmodule=[0mconsensus [36mproposal=[0m{"Type":32,"block_id":{"hash":"0F29F46D6A86CD7C5044BF8E368899AF15B4338D4BFB4C110D78C54DBBAB27BF","parts":{"hash":"165972DA8F87919676F0BCC61649382D4038D0102CA7086F25BEA4C10E8CE112","total":1}},"height":33,"pol_round":-1,"round":0,"signature":"8snrU7qJil638Esvmt9L8NKcvg1Z8pJHeL7rMrqye9Wt1k+YUQy0ndVTyHWEzTrqMbhfOL7vSvR+fJJb0QQPAA==","timestamp":"2022-09-13T15:43:34.630841225Z"}
[90m3:43PM[0m [32mINF[0m received complete proposal block [36mhash=[0m0F29F46D6A86CD7C5044BF8E368899AF15B4338D4BFB4C110D78C54DBBAB27BF [36mheight=[0m33 [36mmodule=[0mconsensus
[90m3:43PM[0m [32mINF[0m finalizing commit of block [36mhash=[0m0F29F46D6A86CD7C5044BF8E368899AF15B4338D4BFB4C110D78C54DBBAB27BF [36mheight=[0m33 [36mmodule=[0mconsensus [36mnum_txs=[0m0 [36mroot=[0m9B6AF412812D19801E0597F7658FB630F6224968F4AE4600C6C5867B1C4C3325
[90m3:43PM[0m [32mINF[0m minted coins from module account [36mamount=[0m41ustake [36mfrom=[0mmint [36mmodule=[0mx/bank
[90m3:43PM[0m [32mINF[0m executed block [36mheight=[0m33 [36mmodule=[0mstate [36mnum_invalid_txs=[0m0 [36mnum_valid_txs=[0m0
[90m3:43PM[0m [32mINF[0m commit synced [36mcommit=[0m436F6D6D697449447B5B313438203134382039302031373020313130203436203132372031313120313939203231342031323320363020323332203120313430203138352032353520313731203136332036362036342031383920323339203131332031303720313333203132203137302032303620393820313236203136345D3A32317D
[90m3:43PM[0m [32mINF[0m committed state [36mapp_hash=[0m94945AAA6E2E7F6FC7D67B3CE8018CB9FFABA34240BDEF716B850CAACE627EA4 [36mheight=[0m33 [36mmodule=[0mstate [36mnum_txs=[0m0
[90m3:43PM[0m [32mINF[0m indexed block [36mheight=[0m33 [36mmodule=[0mtxindex
[90m3:43PM[0m [32mINF[0m Timed out [36mdur=[0m190.243635 [36mheight=[0m34 [36mmodule=[0mconsensus [36mround=[0m0 [36mstep=[0m1
[90m3:43PM[0m [32mINF[0m received proposal [36mmodule=[0mconsensus [36mproposal=[0m{"Type":32,"block_id":{"hash":"CB943F8F7ACB88A9D0FB07529856F448A91B1D3F43EF720739662010ADBA8474","parts":{"hash":"93831408EF6194253C1819EFC76B07CFC7111E6C3F05726693F022BDBC0ABDFA","total":1}},"height":34,"pol_round":-1,"round":0,"signature":"h1f/gasSiz4sqONormWWvxwytTBlTGIaKOwcz+rdwm57m3U/ThfdvF1/wGJUt8riRdeUd1ydDPM9JOqpNR3qBQ==","timestamp":"2022-09-13T15:43:34.846061184Z"}
[90m3:43PM[0m [32mINF[0m received complete proposal block [36mhash=[0mCB943F8F7ACB88A9D0FB07529856F448A91B1D3F43EF720739662010ADBA8474 [36mheight=[0m34 [36mmodule=[0mconsensus
[90m3:43PM[0m [32mINF[0m finalizing commit of block [36mhash=[0mCB943F8F7ACB88A9D0FB07529856F448A91B1D3F43EF720739662010ADBA8474 [36mheight=[0m34 [36mmodule=[0mconsensus [36mnum_txs=[0m0 [36mroot=[0m94945AAA6E2E7F6FC7D67B3CE8018CB9FFABA34240BDEF716B850CAACE627EA4
[90m3:43PM[0m [32mINF[0m minted coins from module account [36mamount=[0m41ustake [36mfrom=[0mmint [36mmodule=[0mx/bank
[90m3:43PM[0m [32mINF[0m executed block [36mheight=[0m34 [36mmodule=[0mstate [36mnum_invalid_txs=[0m0 [36mnum_valid_txs=[0m0
[90m3:43PM[0m [32mINF[0m commit synced [36mcommit=[0m436F6D6D697449447B5B323434203833203137352032323920323431203838203231312031393420313534203231372031343620313333203836203234312032353220313832203130362031343820313233203233382037203132342031373120313134203234352031353220323233203137352031303120393320323331203135355D3A32327D
[90m3:43PM[0m [32mINF[0m committed state [36mapp_hash=[0mF453AFE5F158D3C29AD9928556F1FCB66A947BEE077CAB72F598DFAF655DE79B [36mheight=[0m34 [36mmodule=[0mstate [36mnum_txs=[0m0
[90m3:43PM[0m [32mINF[0m indexed block [36mheight=[0m34 [36mmodule=[0mtxindex
[90m3:43PM[0m [32mINF[0m Timed out [36mdur=[0m190.941549 [36mheight=[0m35 [36mmodule=[0mconsensus [36mround=[0m0 [36mstep=[0m1
[90m3:43PM[0m [32mINF[0m received proposal [36mmodule=[0mconsensus [36mproposal=[0m{"Type":32,"block_id":{"hash":"210795D69E27AF9B6AF56FC941885B251E8F5400B6D1DA5284DD2957833764B4","parts":{"hash":"265D6C8EECAAB8558861C9F1FB6DC72A7A303144DBD441405A1882FF10365394","total":1}},"height":35,"pol_round":-1,"round":0,"signature":"mqzbAE9UHLmpyvOSvy0mP+aW74NgAynG1kQeDk8i5PEDYou1VMBtn083L009Unt8QOrcNs41Uw7P9HVbYcvAAA==","timestamp":"2022-09-13T15:43:35.060473512Z"}
[90m3:43PM[0m [32mINF[0m received complete proposal block [36mhash=[0m210795D69E27AF9B6AF56FC941885B251E8F5400B6D1DA5284DD2957833764B4 [36mheight=[0m35 [36mmodule=[0mconsensus
[90m3:43PM[0m [32mINF[0m finalizing commit of block [36mhash=[0m210795D69E27AF9B6AF56FC941885B251E8F5400B6D1DA5284DD2957833764B4 [36mheight=[0m35 [36mmodule=[0mconsensus [36mnum_txs=[0m0 [36mroot=[0mF453AFE5F158D3C29AD9928556F1FCB66A947BEE077CAB72F598DFAF655DE79B
[90m3:43PM[0m [32mINF[0m minted coins from module account [36mamount=[0m41ustake [36mfrom=[0mmint [36mmodule=[0mx/bank
[90m3:43PM[0m [32mINF[0m executed block [36mheight=[0m35 [36mmodule=[0mstate [36mnum_invalid_txs=[0m0 [36mnum_valid_txs=[0m0
[90m3:43PM[0m [32mINF[0m commit synced [36mcommit=[0m436F6D6D697449447B5B323438203138332031383420323337203630203535203520353320323820363220323020373420313632203135332031353220333220323034203534203134362031312039382031343620333120323237203932203132392031353620302036342032313920323038203139395D3A32337D
[90m3:43PM[0m [32mINF[0m committed state [36mapp_hash=[0mF8B7B8ED3C3705351C3E144AA2999820CC36920B62921FE35C819C0040DBD0C7 [36mheight=[0m35 [36mmodule=[0mstate [36mnum_txs=[0m0
[90m3:43PM[0m [32mINF[0m indexed block [36mheight=[0m35 [36mmodule=[0mtxindex
[90m3:43PM[0m [32mINF[0m Timed out [36mdur=[0m191.192733 [36mheight=[0m36 [36mmodule=[0mconsensus [36mround=[0m0 [36mstep=[0m1
[90m3:43PM[0m [32mINF[0m received proposal [36mmodule=[0mconsensus [36mproposal=[0m{"Type":32,"block_id":{"hash":"4BF5048AF9E84848CE0BF0BF6CA0034E476047A233E11A136B2A3840D687A3A0","parts":{"hash":"A522E5AFF82E35A1EAA33D92B8162C3B4FA39F97DE8A16622D87E7FCAAE54E61","total":1}},"height":36,"pol_round":-1,"round":0,"signature":"gohUohS71uOsibfbUdmQXCxs2Cp1SOUvNYcqvrszfGxaxTlrAQe4hYrHQz9g+XiJPoIOGzI3sTWNAhTvUttLBA==","timestamp":"2022-09-13T15:43:35.273005329Z"}
[90m3:43PM[0m [32mINF[0m received complete proposal block [36mhash=[0m4BF5048AF9E84848CE0BF0BF6CA0034E476047A233E11A136B2A3840D687A3A0 [36mheight=[0m36 [36mmodule=[0mconsensus
[90m3:43PM[0m [32mINF[0m finalizing commit of block [36mhash=[0m4BF5048AF9E84848CE0BF0BF6CA0034E476047A233E11A136B2A3840D687A3A0 [36mheight=[0m36 [36mmodule=[0mconsensus [36mnum_txs=[0m0 [36mroot=[0mF8B7B8ED3C3705351C3E144AA2999820CC36920B62921FE35C819C0040DBD0C7
[90m3:43PM[0m [32mINF[0m minted coins from module account [36mamount=[0m41ustake [36mfrom=[0mmint [36mmodule=[0mx/bank
[90m3:43PM[0m [32mINF[0m executed block [36mheight=[0m36 [36mmodule=[0mstate [36mnum_invalid_txs=[0m0 [36mnum_valid_txs=[0m0
[90m3:43PM[0m [32mINF[0m commit synced [36mcommit=[0m436F6D6D697449447B5B3431203931203132392036302037382032392031353620383720313320313338203535203734203531203433203134332037392032343620313633203232392031353820323439203138322032353020313934203139372036352032343120343420383920313337203736203232355D3A32347D
[90m3:43PM[0m [32mINF[0m committed state [36mapp_hash=[0m295B813C4E1D9C570D8A374A332B8F4FF6A3E59EF9B6FAC2C541F12C59894CE1 [36mheight=[0m36 [36mmodule=[0mstate [36mnum_txs=[0m0
[90m3:43PM[0m [32mINF[0m indexed block [36mheight=[0m36 [36mmodule=[0mtxindex
[90m3:43PM[0m [32mINF[0m Timed out [36mdur=[0m192.636385 [36mheight=[0m37 [36mmodule=[0mconsensus [36mround=[0m0 [36mstep=[0m1
[90m3:43PM[0m [32mINF[0m received proposal [36mmodule=[0mconsensus [36mproposal=[0m{"Type":32,"block_id":{"hash":"CEC72A7C2D8464E4F153E2D52FD9BD7B19C38B335F83165A0838B9AEBE9E1BD9","parts":{"hash":"79AF247F8FDE186EFE01CEFD1E24C83C14DADE5F21E23D6AB60C06AA4FF9153B","total":1}},"height":37,"pol_round":-1,"round":0,"signature":"mIDU7Zfg6TDFnEwEi/qFJWgNGYWoRUnmTTpSlQMERaxre+v6p1RJcLbfL1QYXEXStjkOWMn8DkJ5WmwBXkTODg==","timestamp":"2022-09-13T15:43:35.486470733Z"}
[90m3:43PM[0m [32mINF[0m received complete proposal block [36mhash=[0mCEC72A7C2D8464E4F153E2D52FD9BD7B19C38B335F83165A0838B9AEBE9E1BD9 [36mheight=[0m37 [36mmodule=[0mconsensus
[90m3:43PM[0m [32mINF[0m finalizing commit of block [36mhash=[0mCEC72A7C2D8464E4F153E2D52FD9BD7B19C38B335F83165A0838B9AEBE9E1BD9 [36mheight=[0m37 [36mmodule=[0mconsensus [36mnum_txs=[0m0 [36mroot=[0m295B813C4E1D9C570D8A374A332B8F4FF6A3E59EF9B6FAC2C541F12C59894CE1
[90m3:43PM[0m [32mINF[0m minted coins from module account [36mamount=[0m41ustake [36mfrom=[0mmint [36mmodule=[0mx/bank
[90m3:43PM[0m [32mINF[0m executed block [36mheight=[0m37 [36mmodule=[0mstate [36mnum_invalid_txs=[0m0 [36mnum_valid_txs=[0m0
[90m3:43PM[0m [32mINF[0m commit synced [36mcommit=[0m436F6D6D697449447B5B32392032323220313939203137382038332037302037332031303020313638203320363820393220313434203230352036332036342033302032313820313032203230362031343620393520333220343720373920313638203133392037203136322032313220323234203235345D3A32357D
[90m3:43PM[0m [32mINF[0m committed state [36mapp_hash=[0m1DDEC7B253464964A803445C90CD3F401EDA66CE925F202F4FA88B07A2D4E0FE [36mheight=[0m37 [36mmodule=[0mstate [36mnum_txs=[0m0
[90m3:43PM[0m [32mINF[0m indexed block [36mheight=[0m37 [36mmodule=[0mtxindex
[90m3:43PM[0m [32mINF[0m Timed out [36mdur=[0m189.837755 [36mheight=[0m38 [36mmodule=[0mconsensus [36mround=[0m0 [36mstep=[0m1
[90m3:43PM[0m [32mINF[0m received proposal [36mmodule=[0mconsensus [36mproposal=[0m{"Type":32,"block_id":{"hash":"5022A47E453EC6E62C8181D5DBDACB25B8362EE1C91011D3724B479225C03A4E","parts":{"hash":"D341C357152A3F85300E089051E4864007E07D88A7AE90BAF83ACA0147C25F96","total":1}},"height":38,"pol_round":-1,"round":0,"signature":"CucW16XxlSmUEr6QRzXCStiSs2uu1/Dobf9YWbdVRHFhxpwcZZHFHYZtYyge922QzQWYPYX/j0kAIkqXoI5kAw==","timestamp":"2022-09-13T15:43:35.702974668Z"}
[90m3:43PM[0m [32mINF[0m received complete proposal block [36mhash=[0m5022A47E453EC6E62C8181D5DBDACB25B8362EE1C91011D3724B479225C03A4E [36mheight=[0m38 [36mmodule=[0mconsensus
[90m3:43PM[0m [32mINF[0m finalizing commit of block [36mhash=[0m5022A47E453EC6E62C8181D5DBDACB25B8362EE1C91011D3724B479225C03A4E [36mheight=[0m38 [36mmodule=[0mconsensus [36mnum_txs=[0m0 [36mroot=[0m1DDEC7B253464964A803445C90CD3F401EDA66CE925F202F4FA88B07A2D4E0FE
[90m3:43PM[0m [32mINF[0m minted coins from module account [36mamount=[0m41ustake [36mfrom=[0mmint [36mmodule=[0mx/bank
[90m3:43PM[0m [32mINF[0m executed block [36mheight=[0m38 [36mmodule=[0mstate [36mnum_invalid_txs=[0m0 [36mnum_valid_txs=[0m0
[90m3:43PM[0m [32mINF[0m commit synced [36mcommit=[0m436F6D6D697449447B5B3236203137342031383820352031332035312037203530203937203436203020323020313237203131392032313620323336203134352038332031393020313230203735203138312032322039312031342032333220323030203132203136352031363920313435203234365D3A32367D
[90m3:43PM[0m [32mINF[0m committed state [36mapp_hash=[0m1AAEBC050D330732612E00147F77D8EC9153BE784BB5165B0EE8C80CA5A991F6 [36mheight=[0m38 [36mmodule=[0mstate [36mnum_txs=[0m0
[90m3:43PM[0m [32mINF[0m indexed block [36mheight=[0m38 [36mmodule=[0mtxindex
[90m3:43PM[0m [32mINF[0m Timed out [36mdur=[0m188.72116 [36mheight=[0m39 [36mmodule=[0mconsensus [36mround=[0m0 [36mstep=[0m1
[90m3:43PM[0m [32mINF[0m received proposal [36mmodule=[0mconsensus [36mproposal=[0m{"Type":32,"block_id":{"hash":"D984EF6AAF3AB69DE34784AEB7514FC25C5A132FC11224A288C06E80DEB4C945","parts":{"hash":"81DDBF50CFFA5A09565C268CE12B017C9B8FFAD7A2D95B9F70F14C5E1A0EDE48","total":1}},"height":39,"pol_round":-1,"round":0,"signature":"tDPY787gf1FkvSyCos/GVhtTISJr698AU9cd6MBKfTIyHmzHBnzjZgUsagxz7rJCT5GXs+sSOil7HtBT6+pkCQ==","timestamp":"2022-09-13T15:43:35.92106064Z"}
[90m3:43PM[0m [32mINF[0m received complete proposal block [36mhash=[0mD984EF6AAF3AB69DE34784AEB7514FC25C5A132FC11224A288C06E80DEB4C945 [36mheight=[0m39 [36mmodule=[0mconsensus
